ARM GAS  C:\Users\Acer\AppData\Local\Temp\cceG2TTP.s 			page 1


   1              		.cpu cortex-m4
   2              		.arch armv7e-m
   3              		.fpu fpv4-sp-d16
   4              		.eabi_attribute 27, 1
   5              		.eabi_attribute 28, 1
   6              		.eabi_attribute 20, 1
   7              		.eabi_attribute 21, 1
   8              		.eabi_attribute 23, 3
   9              		.eabi_attribute 24, 1
  10              		.eabi_attribute 25, 1
  11              		.eabi_attribute 26, 1
  12              		.eabi_attribute 30, 1
  13              		.eabi_attribute 34, 1
  14              		.eabi_attribute 18, 4
  15              		.file	"usbh_conf.c"
  16              		.text
  17              	.Ltext0:
  18              		.cfi_sections	.debug_frame
  19              		.section	.text.HAL_HCD_MspInit,"ax",%progbits
  20              		.align	1
  21              		.global	HAL_HCD_MspInit
  22              		.syntax unified
  23              		.thumb
  24              		.thumb_func
  26              	HAL_HCD_MspInit:
  27              	.LVL0:
  28              	.LFB133:
  29              		.file 1 "USB_HOST/Target/usbh_conf.c"
   1:USB_HOST/Target/usbh_conf.c **** /* USER CODE BEGIN Header */
   2:USB_HOST/Target/usbh_conf.c **** /**
   3:USB_HOST/Target/usbh_conf.c ****   ******************************************************************************
   4:USB_HOST/Target/usbh_conf.c ****   * @file           : Target/usbh_conf.c
   5:USB_HOST/Target/usbh_conf.c ****   * @version        : v1.0_Cube
   6:USB_HOST/Target/usbh_conf.c ****   * @brief          : This file implements the board support package for the USB host library
   7:USB_HOST/Target/usbh_conf.c ****   ******************************************************************************
   8:USB_HOST/Target/usbh_conf.c ****   * @attention
   9:USB_HOST/Target/usbh_conf.c ****   *
  10:USB_HOST/Target/usbh_conf.c ****   * <h2><center>&copy; Copyright (c) 2022 STMicroelectronics.
  11:USB_HOST/Target/usbh_conf.c ****   * All rights reserved.</center></h2>
  12:USB_HOST/Target/usbh_conf.c ****   *
  13:USB_HOST/Target/usbh_conf.c ****   * This software component is licensed by ST under Ultimate Liberty license
  14:USB_HOST/Target/usbh_conf.c ****   * SLA0044, the "License"; You may not use this file except in compliance with
  15:USB_HOST/Target/usbh_conf.c ****   * the License. You may obtain a copy of the License at:
  16:USB_HOST/Target/usbh_conf.c ****   *                             www.st.com/SLA0044
  17:USB_HOST/Target/usbh_conf.c ****   *
  18:USB_HOST/Target/usbh_conf.c ****   ******************************************************************************
  19:USB_HOST/Target/usbh_conf.c ****   */
  20:USB_HOST/Target/usbh_conf.c **** /* USER CODE END Header */
  21:USB_HOST/Target/usbh_conf.c **** 
  22:USB_HOST/Target/usbh_conf.c **** /* Includes ------------------------------------------------------------------*/
  23:USB_HOST/Target/usbh_conf.c **** #include "usbh_core.h"
  24:USB_HOST/Target/usbh_conf.c **** #include "usbh_platform.h"
  25:USB_HOST/Target/usbh_conf.c **** 
  26:USB_HOST/Target/usbh_conf.c **** /* USER CODE BEGIN Includes */
  27:USB_HOST/Target/usbh_conf.c **** 
  28:USB_HOST/Target/usbh_conf.c **** /* USER CODE END Includes */
  29:USB_HOST/Target/usbh_conf.c **** 
ARM GAS  C:\Users\Acer\AppData\Local\Temp\cceG2TTP.s 			page 2


  30:USB_HOST/Target/usbh_conf.c **** /* Private typedef -----------------------------------------------------------*/
  31:USB_HOST/Target/usbh_conf.c **** /* Private define ------------------------------------------------------------*/
  32:USB_HOST/Target/usbh_conf.c **** /* Private macro -------------------------------------------------------------*/
  33:USB_HOST/Target/usbh_conf.c **** 
  34:USB_HOST/Target/usbh_conf.c **** /* USER CODE BEGIN PV */
  35:USB_HOST/Target/usbh_conf.c **** /* Private variables ---------------------------------------------------------*/
  36:USB_HOST/Target/usbh_conf.c **** 
  37:USB_HOST/Target/usbh_conf.c **** /* USER CODE END PV */
  38:USB_HOST/Target/usbh_conf.c **** 
  39:USB_HOST/Target/usbh_conf.c **** HCD_HandleTypeDef hhcd_USB_OTG_FS;
  40:USB_HOST/Target/usbh_conf.c **** void Error_Handler(void);
  41:USB_HOST/Target/usbh_conf.c **** 
  42:USB_HOST/Target/usbh_conf.c **** /* USER CODE BEGIN 0 */
  43:USB_HOST/Target/usbh_conf.c **** 
  44:USB_HOST/Target/usbh_conf.c **** /* USER CODE END 0 */
  45:USB_HOST/Target/usbh_conf.c **** 
  46:USB_HOST/Target/usbh_conf.c **** /* USER CODE BEGIN PFP */
  47:USB_HOST/Target/usbh_conf.c **** /* Private function prototypes -----------------------------------------------*/
  48:USB_HOST/Target/usbh_conf.c **** USBH_StatusTypeDef USBH_Get_USB_Status(HAL_StatusTypeDef hal_status);
  49:USB_HOST/Target/usbh_conf.c **** 
  50:USB_HOST/Target/usbh_conf.c **** /* USER CODE END PFP */
  51:USB_HOST/Target/usbh_conf.c **** 
  52:USB_HOST/Target/usbh_conf.c **** /* Private functions ---------------------------------------------------------*/
  53:USB_HOST/Target/usbh_conf.c **** 
  54:USB_HOST/Target/usbh_conf.c **** /* USER CODE BEGIN 1 */
  55:USB_HOST/Target/usbh_conf.c **** 
  56:USB_HOST/Target/usbh_conf.c **** /* USER CODE END 1 */
  57:USB_HOST/Target/usbh_conf.c **** 
  58:USB_HOST/Target/usbh_conf.c **** /*******************************************************************************
  59:USB_HOST/Target/usbh_conf.c ****                        LL Driver Callbacks (HCD -> USB Host Library)
  60:USB_HOST/Target/usbh_conf.c **** *******************************************************************************/
  61:USB_HOST/Target/usbh_conf.c **** /* MSP Init */
  62:USB_HOST/Target/usbh_conf.c **** 
  63:USB_HOST/Target/usbh_conf.c **** void HAL_HCD_MspInit(HCD_HandleTypeDef* hcdHandle)
  64:USB_HOST/Target/usbh_conf.c **** {
  30              		.loc 1 64 1 view -0
  31              		.cfi_startproc
  32              		@ args = 0, pretend = 0, frame = 32
  33              		@ frame_needed = 0, uses_anonymous_args = 0
  34              		.loc 1 64 1 is_stmt 0 view .LVU1
  35 0000 70B5     		push	{r4, r5, r6, lr}
  36              	.LCFI0:
  37              		.cfi_def_cfa_offset 16
  38              		.cfi_offset 4, -16
  39              		.cfi_offset 5, -12
  40              		.cfi_offset 6, -8
  41              		.cfi_offset 14, -4
  42 0002 88B0     		sub	sp, sp, #32
  43              	.LCFI1:
  44              		.cfi_def_cfa_offset 48
  65:USB_HOST/Target/usbh_conf.c ****   GPIO_InitTypeDef GPIO_InitStruct = {0};
  45              		.loc 1 65 3 is_stmt 1 view .LVU2
  46              		.loc 1 65 20 is_stmt 0 view .LVU3
  47 0004 0023     		movs	r3, #0
  48 0006 0393     		str	r3, [sp, #12]
  49 0008 0493     		str	r3, [sp, #16]
  50 000a 0593     		str	r3, [sp, #20]
ARM GAS  C:\Users\Acer\AppData\Local\Temp\cceG2TTP.s 			page 3


  51 000c 0693     		str	r3, [sp, #24]
  52 000e 0793     		str	r3, [sp, #28]
  66:USB_HOST/Target/usbh_conf.c ****   if(hcdHandle->Instance==USB_OTG_FS)
  53              		.loc 1 66 3 is_stmt 1 view .LVU4
  54              		.loc 1 66 15 is_stmt 0 view .LVU5
  55 0010 0368     		ldr	r3, [r0]
  56              		.loc 1 66 5 view .LVU6
  57 0012 B3F1A04F 		cmp	r3, #1342177280
  58 0016 01D0     		beq	.L4
  59              	.LVL1:
  60              	.L1:
  67:USB_HOST/Target/usbh_conf.c ****   {
  68:USB_HOST/Target/usbh_conf.c ****   /* USER CODE BEGIN USB_OTG_FS_MspInit 0 */
  69:USB_HOST/Target/usbh_conf.c **** 
  70:USB_HOST/Target/usbh_conf.c ****   /* USER CODE END USB_OTG_FS_MspInit 0 */
  71:USB_HOST/Target/usbh_conf.c **** 
  72:USB_HOST/Target/usbh_conf.c ****     __HAL_RCC_GPIOA_CLK_ENABLE();
  73:USB_HOST/Target/usbh_conf.c ****     /**USB_OTG_FS GPIO Configuration
  74:USB_HOST/Target/usbh_conf.c ****     PA9     ------> USB_OTG_FS_VBUS
  75:USB_HOST/Target/usbh_conf.c ****     PA10     ------> USB_OTG_FS_ID
  76:USB_HOST/Target/usbh_conf.c ****     PA11     ------> USB_OTG_FS_DM
  77:USB_HOST/Target/usbh_conf.c ****     PA12     ------> USB_OTG_FS_DP
  78:USB_HOST/Target/usbh_conf.c ****     */
  79:USB_HOST/Target/usbh_conf.c ****     GPIO_InitStruct.Pin = VBUS_FS_Pin;
  80:USB_HOST/Target/usbh_conf.c ****     GPIO_InitStruct.Mode = GPIO_MODE_INPUT;
  81:USB_HOST/Target/usbh_conf.c ****     GPIO_InitStruct.Pull = GPIO_NOPULL;
  82:USB_HOST/Target/usbh_conf.c ****     HAL_GPIO_Init(VBUS_FS_GPIO_Port, &GPIO_InitStruct);
  83:USB_HOST/Target/usbh_conf.c **** 
  84:USB_HOST/Target/usbh_conf.c ****     GPIO_InitStruct.Pin = OTG_FS_ID_Pin|OTG_FS_DM_Pin|OTG_FS_DP_Pin;
  85:USB_HOST/Target/usbh_conf.c ****     GPIO_InitStruct.Mode = GPIO_MODE_AF_PP;
  86:USB_HOST/Target/usbh_conf.c ****     GPIO_InitStruct.Pull = GPIO_NOPULL;
  87:USB_HOST/Target/usbh_conf.c ****     GPIO_InitStruct.Speed = GPIO_SPEED_FREQ_LOW;
  88:USB_HOST/Target/usbh_conf.c ****     GPIO_InitStruct.Alternate = GPIO_AF10_OTG_FS;
  89:USB_HOST/Target/usbh_conf.c ****     HAL_GPIO_Init(GPIOA, &GPIO_InitStruct);
  90:USB_HOST/Target/usbh_conf.c **** 
  91:USB_HOST/Target/usbh_conf.c ****     /* Peripheral clock enable */
  92:USB_HOST/Target/usbh_conf.c ****     __HAL_RCC_USB_OTG_FS_CLK_ENABLE();
  93:USB_HOST/Target/usbh_conf.c **** 
  94:USB_HOST/Target/usbh_conf.c ****     /* Peripheral interrupt init */
  95:USB_HOST/Target/usbh_conf.c ****     HAL_NVIC_SetPriority(OTG_FS_IRQn, 0, 0);
  96:USB_HOST/Target/usbh_conf.c ****     HAL_NVIC_EnableIRQ(OTG_FS_IRQn);
  97:USB_HOST/Target/usbh_conf.c ****   /* USER CODE BEGIN USB_OTG_FS_MspInit 1 */
  98:USB_HOST/Target/usbh_conf.c **** 
  99:USB_HOST/Target/usbh_conf.c ****   /* USER CODE END USB_OTG_FS_MspInit 1 */
 100:USB_HOST/Target/usbh_conf.c ****   }
 101:USB_HOST/Target/usbh_conf.c **** }
  61              		.loc 1 101 1 view .LVU7
  62 0018 08B0     		add	sp, sp, #32
  63              	.LCFI2:
  64              		.cfi_remember_state
  65              		.cfi_def_cfa_offset 16
  66              		@ sp needed
  67 001a 70BD     		pop	{r4, r5, r6, pc}
  68              	.LVL2:
  69              	.L4:
  70              	.LCFI3:
  71              		.cfi_restore_state
ARM GAS  C:\Users\Acer\AppData\Local\Temp\cceG2TTP.s 			page 4


  72:USB_HOST/Target/usbh_conf.c ****     /**USB_OTG_FS GPIO Configuration
  72              		.loc 1 72 5 is_stmt 1 view .LVU8
  73              	.LBB2:
  72:USB_HOST/Target/usbh_conf.c ****     /**USB_OTG_FS GPIO Configuration
  74              		.loc 1 72 5 view .LVU9
  75 001c 0025     		movs	r5, #0
  76 001e 0195     		str	r5, [sp, #4]
  72:USB_HOST/Target/usbh_conf.c ****     /**USB_OTG_FS GPIO Configuration
  77              		.loc 1 72 5 view .LVU10
  78 0020 1A4C     		ldr	r4, .L5
  79 0022 236B     		ldr	r3, [r4, #48]
  80 0024 43F00103 		orr	r3, r3, #1
  81 0028 2363     		str	r3, [r4, #48]
  72:USB_HOST/Target/usbh_conf.c ****     /**USB_OTG_FS GPIO Configuration
  82              		.loc 1 72 5 view .LVU11
  83 002a 236B     		ldr	r3, [r4, #48]
  84 002c 03F00103 		and	r3, r3, #1
  85 0030 0193     		str	r3, [sp, #4]
  72:USB_HOST/Target/usbh_conf.c ****     /**USB_OTG_FS GPIO Configuration
  86              		.loc 1 72 5 view .LVU12
  87 0032 019B     		ldr	r3, [sp, #4]
  88              	.LBE2:
  72:USB_HOST/Target/usbh_conf.c ****     /**USB_OTG_FS GPIO Configuration
  89              		.loc 1 72 5 view .LVU13
  79:USB_HOST/Target/usbh_conf.c ****     GPIO_InitStruct.Mode = GPIO_MODE_INPUT;
  90              		.loc 1 79 5 view .LVU14
  79:USB_HOST/Target/usbh_conf.c ****     GPIO_InitStruct.Mode = GPIO_MODE_INPUT;
  91              		.loc 1 79 25 is_stmt 0 view .LVU15
  92 0034 4FF40073 		mov	r3, #512
  93 0038 0393     		str	r3, [sp, #12]
  80:USB_HOST/Target/usbh_conf.c ****     GPIO_InitStruct.Pull = GPIO_NOPULL;
  94              		.loc 1 80 5 is_stmt 1 view .LVU16
  81:USB_HOST/Target/usbh_conf.c ****     HAL_GPIO_Init(VBUS_FS_GPIO_Port, &GPIO_InitStruct);
  95              		.loc 1 81 5 view .LVU17
  82:USB_HOST/Target/usbh_conf.c **** 
  96              		.loc 1 82 5 view .LVU18
  97 003a 154E     		ldr	r6, .L5+4
  98 003c 03A9     		add	r1, sp, #12
  99 003e 3046     		mov	r0, r6
 100              	.LVL3:
  82:USB_HOST/Target/usbh_conf.c **** 
 101              		.loc 1 82 5 is_stmt 0 view .LVU19
 102 0040 FFF7FEFF 		bl	HAL_GPIO_Init
 103              	.LVL4:
  84:USB_HOST/Target/usbh_conf.c ****     GPIO_InitStruct.Mode = GPIO_MODE_AF_PP;
 104              		.loc 1 84 5 is_stmt 1 view .LVU20
  84:USB_HOST/Target/usbh_conf.c ****     GPIO_InitStruct.Mode = GPIO_MODE_AF_PP;
 105              		.loc 1 84 25 is_stmt 0 view .LVU21
 106 0044 4FF4E053 		mov	r3, #7168
 107 0048 0393     		str	r3, [sp, #12]
  85:USB_HOST/Target/usbh_conf.c ****     GPIO_InitStruct.Pull = GPIO_NOPULL;
 108              		.loc 1 85 5 is_stmt 1 view .LVU22
  85:USB_HOST/Target/usbh_conf.c ****     GPIO_InitStruct.Pull = GPIO_NOPULL;
 109              		.loc 1 85 26 is_stmt 0 view .LVU23
 110 004a 0223     		movs	r3, #2
 111 004c 0493     		str	r3, [sp, #16]
  86:USB_HOST/Target/usbh_conf.c ****     GPIO_InitStruct.Speed = GPIO_SPEED_FREQ_LOW;
ARM GAS  C:\Users\Acer\AppData\Local\Temp\cceG2TTP.s 			page 5


 112              		.loc 1 86 5 is_stmt 1 view .LVU24
  86:USB_HOST/Target/usbh_conf.c ****     GPIO_InitStruct.Speed = GPIO_SPEED_FREQ_LOW;
 113              		.loc 1 86 26 is_stmt 0 view .LVU25
 114 004e 0595     		str	r5, [sp, #20]
  87:USB_HOST/Target/usbh_conf.c ****     GPIO_InitStruct.Alternate = GPIO_AF10_OTG_FS;
 115              		.loc 1 87 5 is_stmt 1 view .LVU26
  87:USB_HOST/Target/usbh_conf.c ****     GPIO_InitStruct.Alternate = GPIO_AF10_OTG_FS;
 116              		.loc 1 87 27 is_stmt 0 view .LVU27
 117 0050 0695     		str	r5, [sp, #24]
  88:USB_HOST/Target/usbh_conf.c ****     HAL_GPIO_Init(GPIOA, &GPIO_InitStruct);
 118              		.loc 1 88 5 is_stmt 1 view .LVU28
  88:USB_HOST/Target/usbh_conf.c ****     HAL_GPIO_Init(GPIOA, &GPIO_InitStruct);
 119              		.loc 1 88 31 is_stmt 0 view .LVU29
 120 0052 0A23     		movs	r3, #10
 121 0054 0793     		str	r3, [sp, #28]
  89:USB_HOST/Target/usbh_conf.c **** 
 122              		.loc 1 89 5 is_stmt 1 view .LVU30
 123 0056 03A9     		add	r1, sp, #12
 124 0058 3046     		mov	r0, r6
 125 005a FFF7FEFF 		bl	HAL_GPIO_Init
 126              	.LVL5:
  92:USB_HOST/Target/usbh_conf.c **** 
 127              		.loc 1 92 5 view .LVU31
  92:USB_HOST/Target/usbh_conf.c **** 
 128              		.loc 1 92 5 view .LVU32
 129 005e 636B     		ldr	r3, [r4, #52]
 130 0060 43F08003 		orr	r3, r3, #128
 131 0064 6363     		str	r3, [r4, #52]
  92:USB_HOST/Target/usbh_conf.c **** 
 132              		.loc 1 92 5 view .LVU33
 133              	.LBB3:
  92:USB_HOST/Target/usbh_conf.c **** 
 134              		.loc 1 92 5 view .LVU34
 135 0066 0295     		str	r5, [sp, #8]
  92:USB_HOST/Target/usbh_conf.c **** 
 136              		.loc 1 92 5 view .LVU35
 137 0068 636C     		ldr	r3, [r4, #68]
 138 006a 43F48043 		orr	r3, r3, #16384
 139 006e 6364     		str	r3, [r4, #68]
  92:USB_HOST/Target/usbh_conf.c **** 
 140              		.loc 1 92 5 view .LVU36
 141 0070 636C     		ldr	r3, [r4, #68]
 142 0072 03F48043 		and	r3, r3, #16384
 143 0076 0293     		str	r3, [sp, #8]
  92:USB_HOST/Target/usbh_conf.c **** 
 144              		.loc 1 92 5 view .LVU37
 145 0078 029B     		ldr	r3, [sp, #8]
 146              	.LBE3:
  92:USB_HOST/Target/usbh_conf.c **** 
 147              		.loc 1 92 5 view .LVU38
  92:USB_HOST/Target/usbh_conf.c **** 
 148              		.loc 1 92 5 view .LVU39
  95:USB_HOST/Target/usbh_conf.c ****     HAL_NVIC_EnableIRQ(OTG_FS_IRQn);
 149              		.loc 1 95 5 view .LVU40
 150 007a 2A46     		mov	r2, r5
 151 007c 2946     		mov	r1, r5
 152 007e 4320     		movs	r0, #67
ARM GAS  C:\Users\Acer\AppData\Local\Temp\cceG2TTP.s 			page 6


 153 0080 FFF7FEFF 		bl	HAL_NVIC_SetPriority
 154              	.LVL6:
  96:USB_HOST/Target/usbh_conf.c ****   /* USER CODE BEGIN USB_OTG_FS_MspInit 1 */
 155              		.loc 1 96 5 view .LVU41
 156 0084 4320     		movs	r0, #67
 157 0086 FFF7FEFF 		bl	HAL_NVIC_EnableIRQ
 158              	.LVL7:
 159              		.loc 1 101 1 is_stmt 0 view .LVU42
 160 008a C5E7     		b	.L1
 161              	.L6:
 162              		.align	2
 163              	.L5:
 164 008c 00380240 		.word	1073887232
 165 0090 00000240 		.word	1073872896
 166              		.cfi_endproc
 167              	.LFE133:
 169              		.section	.text.HAL_HCD_MspDeInit,"ax",%progbits
 170              		.align	1
 171              		.global	HAL_HCD_MspDeInit
 172              		.syntax unified
 173              		.thumb
 174              		.thumb_func
 176              	HAL_HCD_MspDeInit:
 177              	.LVL8:
 178              	.LFB134:
 102:USB_HOST/Target/usbh_conf.c **** 
 103:USB_HOST/Target/usbh_conf.c **** void HAL_HCD_MspDeInit(HCD_HandleTypeDef* hcdHandle)
 104:USB_HOST/Target/usbh_conf.c **** {
 179              		.loc 1 104 1 is_stmt 1 view -0
 180              		.cfi_startproc
 181              		@ args = 0, pretend = 0, frame = 0
 182              		@ frame_needed = 0, uses_anonymous_args = 0
 183              		.loc 1 104 1 is_stmt 0 view .LVU44
 184 0000 08B5     		push	{r3, lr}
 185              	.LCFI4:
 186              		.cfi_def_cfa_offset 8
 187              		.cfi_offset 3, -8
 188              		.cfi_offset 14, -4
 105:USB_HOST/Target/usbh_conf.c ****   if(hcdHandle->Instance==USB_OTG_FS)
 189              		.loc 1 105 3 is_stmt 1 view .LVU45
 190              		.loc 1 105 15 is_stmt 0 view .LVU46
 191 0002 0368     		ldr	r3, [r0]
 192              		.loc 1 105 5 view .LVU47
 193 0004 B3F1A04F 		cmp	r3, #1342177280
 194 0008 00D0     		beq	.L10
 195              	.LVL9:
 196              	.L7:
 106:USB_HOST/Target/usbh_conf.c ****   {
 107:USB_HOST/Target/usbh_conf.c ****   /* USER CODE BEGIN USB_OTG_FS_MspDeInit 0 */
 108:USB_HOST/Target/usbh_conf.c **** 
 109:USB_HOST/Target/usbh_conf.c ****   /* USER CODE END USB_OTG_FS_MspDeInit 0 */
 110:USB_HOST/Target/usbh_conf.c ****     /* Peripheral clock disable */
 111:USB_HOST/Target/usbh_conf.c ****     __HAL_RCC_USB_OTG_FS_CLK_DISABLE();
 112:USB_HOST/Target/usbh_conf.c **** 
 113:USB_HOST/Target/usbh_conf.c ****     /**USB_OTG_FS GPIO Configuration
 114:USB_HOST/Target/usbh_conf.c ****     PA9     ------> USB_OTG_FS_VBUS
 115:USB_HOST/Target/usbh_conf.c ****     PA10     ------> USB_OTG_FS_ID
ARM GAS  C:\Users\Acer\AppData\Local\Temp\cceG2TTP.s 			page 7


 116:USB_HOST/Target/usbh_conf.c ****     PA11     ------> USB_OTG_FS_DM
 117:USB_HOST/Target/usbh_conf.c ****     PA12     ------> USB_OTG_FS_DP
 118:USB_HOST/Target/usbh_conf.c ****     */
 119:USB_HOST/Target/usbh_conf.c ****     HAL_GPIO_DeInit(GPIOA, VBUS_FS_Pin|OTG_FS_ID_Pin|OTG_FS_DM_Pin|OTG_FS_DP_Pin);
 120:USB_HOST/Target/usbh_conf.c **** 
 121:USB_HOST/Target/usbh_conf.c ****     /* Peripheral interrupt Deinit*/
 122:USB_HOST/Target/usbh_conf.c ****     HAL_NVIC_DisableIRQ(OTG_FS_IRQn);
 123:USB_HOST/Target/usbh_conf.c **** 
 124:USB_HOST/Target/usbh_conf.c ****   /* USER CODE BEGIN USB_OTG_FS_MspDeInit 1 */
 125:USB_HOST/Target/usbh_conf.c **** 
 126:USB_HOST/Target/usbh_conf.c ****   /* USER CODE END USB_OTG_FS_MspDeInit 1 */
 127:USB_HOST/Target/usbh_conf.c ****   }
 128:USB_HOST/Target/usbh_conf.c **** }
 197              		.loc 1 128 1 view .LVU48
 198 000a 08BD     		pop	{r3, pc}
 199              	.LVL10:
 200              	.L10:
 111:USB_HOST/Target/usbh_conf.c **** 
 201              		.loc 1 111 5 is_stmt 1 view .LVU49
 202 000c 064A     		ldr	r2, .L11
 203 000e 536B     		ldr	r3, [r2, #52]
 204 0010 23F08003 		bic	r3, r3, #128
 205 0014 5363     		str	r3, [r2, #52]
 119:USB_HOST/Target/usbh_conf.c **** 
 206              		.loc 1 119 5 view .LVU50
 207 0016 4FF4F051 		mov	r1, #7680
 208 001a 0448     		ldr	r0, .L11+4
 209              	.LVL11:
 119:USB_HOST/Target/usbh_conf.c **** 
 210              		.loc 1 119 5 is_stmt 0 view .LVU51
 211 001c FFF7FEFF 		bl	HAL_GPIO_DeInit
 212              	.LVL12:
 122:USB_HOST/Target/usbh_conf.c **** 
 213              		.loc 1 122 5 is_stmt 1 view .LVU52
 214 0020 4320     		movs	r0, #67
 215 0022 FFF7FEFF 		bl	HAL_NVIC_DisableIRQ
 216              	.LVL13:
 217              		.loc 1 128 1 is_stmt 0 view .LVU53
 218 0026 F0E7     		b	.L7
 219              	.L12:
 220              		.align	2
 221              	.L11:
 222 0028 00380240 		.word	1073887232
 223 002c 00000240 		.word	1073872896
 224              		.cfi_endproc
 225              	.LFE134:
 227              		.section	.text.HAL_HCD_SOF_Callback,"ax",%progbits
 228              		.align	1
 229              		.global	HAL_HCD_SOF_Callback
 230              		.syntax unified
 231              		.thumb
 232              		.thumb_func
 234              	HAL_HCD_SOF_Callback:
 235              	.LVL14:
 236              	.LFB135:
 129:USB_HOST/Target/usbh_conf.c **** 
 130:USB_HOST/Target/usbh_conf.c **** /**
ARM GAS  C:\Users\Acer\AppData\Local\Temp\cceG2TTP.s 			page 8


 131:USB_HOST/Target/usbh_conf.c ****   * @brief  SOF callback.
 132:USB_HOST/Target/usbh_conf.c ****   * @param  hhcd: HCD handle
 133:USB_HOST/Target/usbh_conf.c ****   * @retval None
 134:USB_HOST/Target/usbh_conf.c ****   */
 135:USB_HOST/Target/usbh_conf.c **** void HAL_HCD_SOF_Callback(HCD_HandleTypeDef *hhcd)
 136:USB_HOST/Target/usbh_conf.c **** {
 237              		.loc 1 136 1 is_stmt 1 view -0
 238              		.cfi_startproc
 239              		@ args = 0, pretend = 0, frame = 0
 240              		@ frame_needed = 0, uses_anonymous_args = 0
 241              		.loc 1 136 1 is_stmt 0 view .LVU55
 242 0000 08B5     		push	{r3, lr}
 243              	.LCFI5:
 244              		.cfi_def_cfa_offset 8
 245              		.cfi_offset 3, -8
 246              		.cfi_offset 14, -4
 137:USB_HOST/Target/usbh_conf.c ****   USBH_LL_IncTimer(hhcd->pData);
 247              		.loc 1 137 3 is_stmt 1 view .LVU56
 248 0002 D0F80003 		ldr	r0, [r0, #768]
 249              	.LVL15:
 250              		.loc 1 137 3 is_stmt 0 view .LVU57
 251 0006 FFF7FEFF 		bl	USBH_LL_IncTimer
 252              	.LVL16:
 138:USB_HOST/Target/usbh_conf.c **** }
 253              		.loc 1 138 1 view .LVU58
 254 000a 08BD     		pop	{r3, pc}
 255              		.cfi_endproc
 256              	.LFE135:
 258              		.section	.text.HAL_HCD_Connect_Callback,"ax",%progbits
 259              		.align	1
 260              		.global	HAL_HCD_Connect_Callback
 261              		.syntax unified
 262              		.thumb
 263              		.thumb_func
 265              	HAL_HCD_Connect_Callback:
 266              	.LVL17:
 267              	.LFB136:
 139:USB_HOST/Target/usbh_conf.c **** 
 140:USB_HOST/Target/usbh_conf.c **** /**
 141:USB_HOST/Target/usbh_conf.c ****   * @brief  SOF callback.
 142:USB_HOST/Target/usbh_conf.c ****   * @param  hhcd: HCD handle
 143:USB_HOST/Target/usbh_conf.c ****   * @retval None
 144:USB_HOST/Target/usbh_conf.c ****   */
 145:USB_HOST/Target/usbh_conf.c **** void HAL_HCD_Connect_Callback(HCD_HandleTypeDef *hhcd)
 146:USB_HOST/Target/usbh_conf.c **** {
 268              		.loc 1 146 1 is_stmt 1 view -0
 269              		.cfi_startproc
 270              		@ args = 0, pretend = 0, frame = 0
 271              		@ frame_needed = 0, uses_anonymous_args = 0
 272              		.loc 1 146 1 is_stmt 0 view .LVU60
 273 0000 08B5     		push	{r3, lr}
 274              	.LCFI6:
 275              		.cfi_def_cfa_offset 8
 276              		.cfi_offset 3, -8
 277              		.cfi_offset 14, -4
 147:USB_HOST/Target/usbh_conf.c ****   USBH_LL_Connect(hhcd->pData);
 278              		.loc 1 147 3 is_stmt 1 view .LVU61
ARM GAS  C:\Users\Acer\AppData\Local\Temp\cceG2TTP.s 			page 9


 279 0002 D0F80003 		ldr	r0, [r0, #768]
 280              	.LVL18:
 281              		.loc 1 147 3 is_stmt 0 view .LVU62
 282 0006 FFF7FEFF 		bl	USBH_LL_Connect
 283              	.LVL19:
 148:USB_HOST/Target/usbh_conf.c **** }
 284              		.loc 1 148 1 view .LVU63
 285 000a 08BD     		pop	{r3, pc}
 286              		.cfi_endproc
 287              	.LFE136:
 289              		.section	.text.HAL_HCD_Disconnect_Callback,"ax",%progbits
 290              		.align	1
 291              		.global	HAL_HCD_Disconnect_Callback
 292              		.syntax unified
 293              		.thumb
 294              		.thumb_func
 296              	HAL_HCD_Disconnect_Callback:
 297              	.LVL20:
 298              	.LFB137:
 149:USB_HOST/Target/usbh_conf.c **** 
 150:USB_HOST/Target/usbh_conf.c **** /**
 151:USB_HOST/Target/usbh_conf.c ****   * @brief  SOF callback.
 152:USB_HOST/Target/usbh_conf.c ****   * @param  hhcd: HCD handle
 153:USB_HOST/Target/usbh_conf.c ****   * @retval None
 154:USB_HOST/Target/usbh_conf.c ****   */
 155:USB_HOST/Target/usbh_conf.c **** void HAL_HCD_Disconnect_Callback(HCD_HandleTypeDef *hhcd)
 156:USB_HOST/Target/usbh_conf.c **** {
 299              		.loc 1 156 1 is_stmt 1 view -0
 300              		.cfi_startproc
 301              		@ args = 0, pretend = 0, frame = 0
 302              		@ frame_needed = 0, uses_anonymous_args = 0
 303              		.loc 1 156 1 is_stmt 0 view .LVU65
 304 0000 08B5     		push	{r3, lr}
 305              	.LCFI7:
 306              		.cfi_def_cfa_offset 8
 307              		.cfi_offset 3, -8
 308              		.cfi_offset 14, -4
 157:USB_HOST/Target/usbh_conf.c ****   USBH_LL_Disconnect(hhcd->pData);
 309              		.loc 1 157 3 is_stmt 1 view .LVU66
 310 0002 D0F80003 		ldr	r0, [r0, #768]
 311              	.LVL21:
 312              		.loc 1 157 3 is_stmt 0 view .LVU67
 313 0006 FFF7FEFF 		bl	USBH_LL_Disconnect
 314              	.LVL22:
 158:USB_HOST/Target/usbh_conf.c **** }
 315              		.loc 1 158 1 view .LVU68
 316 000a 08BD     		pop	{r3, pc}
 317              		.cfi_endproc
 318              	.LFE137:
 320              		.section	.text.HAL_HCD_HC_NotifyURBChange_Callback,"ax",%progbits
 321              		.align	1
 322              		.global	HAL_HCD_HC_NotifyURBChange_Callback
 323              		.syntax unified
 324              		.thumb
 325              		.thumb_func
 327              	HAL_HCD_HC_NotifyURBChange_Callback:
 328              	.LVL23:
ARM GAS  C:\Users\Acer\AppData\Local\Temp\cceG2TTP.s 			page 10


 329              	.LFB138:
 159:USB_HOST/Target/usbh_conf.c **** 
 160:USB_HOST/Target/usbh_conf.c **** /**
 161:USB_HOST/Target/usbh_conf.c ****   * @brief  Notify URB state change callback.
 162:USB_HOST/Target/usbh_conf.c ****   * @param  hhcd: HCD handle
 163:USB_HOST/Target/usbh_conf.c ****   * @param  chnum: channel number
 164:USB_HOST/Target/usbh_conf.c ****   * @param  urb_state: state
 165:USB_HOST/Target/usbh_conf.c ****   * @retval None
 166:USB_HOST/Target/usbh_conf.c ****   */
 167:USB_HOST/Target/usbh_conf.c **** void HAL_HCD_HC_NotifyURBChange_Callback(HCD_HandleTypeDef *hhcd, uint8_t chnum, HCD_URBStateTypeDe
 168:USB_HOST/Target/usbh_conf.c **** {
 330              		.loc 1 168 1 is_stmt 1 view -0
 331              		.cfi_startproc
 332              		@ args = 0, pretend = 0, frame = 0
 333              		@ frame_needed = 0, uses_anonymous_args = 0
 334              		@ link register save eliminated.
 169:USB_HOST/Target/usbh_conf.c ****   /* To be used with OS to sync URB state with the global state machine */
 170:USB_HOST/Target/usbh_conf.c **** #if (USBH_USE_OS == 1)
 171:USB_HOST/Target/usbh_conf.c ****   USBH_LL_NotifyURBChange(hhcd->pData);
 172:USB_HOST/Target/usbh_conf.c **** #endif
 173:USB_HOST/Target/usbh_conf.c **** }
 335              		.loc 1 173 1 view .LVU70
 336 0000 7047     		bx	lr
 337              		.cfi_endproc
 338              	.LFE138:
 340              		.section	.text.HAL_HCD_PortEnabled_Callback,"ax",%progbits
 341              		.align	1
 342              		.global	HAL_HCD_PortEnabled_Callback
 343              		.syntax unified
 344              		.thumb
 345              		.thumb_func
 347              	HAL_HCD_PortEnabled_Callback:
 348              	.LVL24:
 349              	.LFB139:
 174:USB_HOST/Target/usbh_conf.c **** /**
 175:USB_HOST/Target/usbh_conf.c **** * @brief  Port Port Enabled callback.
 176:USB_HOST/Target/usbh_conf.c ****   * @param  hhcd: HCD handle
 177:USB_HOST/Target/usbh_conf.c ****   * @retval None
 178:USB_HOST/Target/usbh_conf.c ****   */
 179:USB_HOST/Target/usbh_conf.c **** void HAL_HCD_PortEnabled_Callback(HCD_HandleTypeDef *hhcd)
 180:USB_HOST/Target/usbh_conf.c **** {
 350              		.loc 1 180 1 view -0
 351              		.cfi_startproc
 352              		@ args = 0, pretend = 0, frame = 0
 353              		@ frame_needed = 0, uses_anonymous_args = 0
 354              		.loc 1 180 1 is_stmt 0 view .LVU72
 355 0000 08B5     		push	{r3, lr}
 356              	.LCFI8:
 357              		.cfi_def_cfa_offset 8
 358              		.cfi_offset 3, -8
 359              		.cfi_offset 14, -4
 181:USB_HOST/Target/usbh_conf.c ****   USBH_LL_PortEnabled(hhcd->pData);
 360              		.loc 1 181 3 is_stmt 1 view .LVU73
 361 0002 D0F80003 		ldr	r0, [r0, #768]
 362              	.LVL25:
 363              		.loc 1 181 3 is_stmt 0 view .LVU74
 364 0006 FFF7FEFF 		bl	USBH_LL_PortEnabled
ARM GAS  C:\Users\Acer\AppData\Local\Temp\cceG2TTP.s 			page 11


 365              	.LVL26:
 182:USB_HOST/Target/usbh_conf.c **** }
 366              		.loc 1 182 1 view .LVU75
 367 000a 08BD     		pop	{r3, pc}
 368              		.cfi_endproc
 369              	.LFE139:
 371              		.section	.text.HAL_HCD_PortDisabled_Callback,"ax",%progbits
 372              		.align	1
 373              		.global	HAL_HCD_PortDisabled_Callback
 374              		.syntax unified
 375              		.thumb
 376              		.thumb_func
 378              	HAL_HCD_PortDisabled_Callback:
 379              	.LVL27:
 380              	.LFB140:
 183:USB_HOST/Target/usbh_conf.c **** 
 184:USB_HOST/Target/usbh_conf.c **** /**
 185:USB_HOST/Target/usbh_conf.c ****   * @brief  Port Port Disabled callback.
 186:USB_HOST/Target/usbh_conf.c ****   * @param  hhcd: HCD handle
 187:USB_HOST/Target/usbh_conf.c ****   * @retval None
 188:USB_HOST/Target/usbh_conf.c ****   */
 189:USB_HOST/Target/usbh_conf.c **** void HAL_HCD_PortDisabled_Callback(HCD_HandleTypeDef *hhcd)
 190:USB_HOST/Target/usbh_conf.c **** {
 381              		.loc 1 190 1 is_stmt 1 view -0
 382              		.cfi_startproc
 383              		@ args = 0, pretend = 0, frame = 0
 384              		@ frame_needed = 0, uses_anonymous_args = 0
 385              		.loc 1 190 1 is_stmt 0 view .LVU77
 386 0000 08B5     		push	{r3, lr}
 387              	.LCFI9:
 388              		.cfi_def_cfa_offset 8
 389              		.cfi_offset 3, -8
 390              		.cfi_offset 14, -4
 191:USB_HOST/Target/usbh_conf.c ****   USBH_LL_PortDisabled(hhcd->pData);
 391              		.loc 1 191 3 is_stmt 1 view .LVU78
 392 0002 D0F80003 		ldr	r0, [r0, #768]
 393              	.LVL28:
 394              		.loc 1 191 3 is_stmt 0 view .LVU79
 395 0006 FFF7FEFF 		bl	USBH_LL_PortDisabled
 396              	.LVL29:
 192:USB_HOST/Target/usbh_conf.c **** }
 397              		.loc 1 192 1 view .LVU80
 398 000a 08BD     		pop	{r3, pc}
 399              		.cfi_endproc
 400              	.LFE140:
 402              		.section	.text.USBH_LL_Init,"ax",%progbits
 403              		.align	1
 404              		.global	USBH_LL_Init
 405              		.syntax unified
 406              		.thumb
 407              		.thumb_func
 409              	USBH_LL_Init:
 410              	.LVL30:
 411              	.LFB141:
 193:USB_HOST/Target/usbh_conf.c **** 
 194:USB_HOST/Target/usbh_conf.c **** /*******************************************************************************
 195:USB_HOST/Target/usbh_conf.c ****                        LL Driver Interface (USB Host Library --> HCD)
ARM GAS  C:\Users\Acer\AppData\Local\Temp\cceG2TTP.s 			page 12


 196:USB_HOST/Target/usbh_conf.c **** *******************************************************************************/
 197:USB_HOST/Target/usbh_conf.c **** 
 198:USB_HOST/Target/usbh_conf.c **** /**
 199:USB_HOST/Target/usbh_conf.c ****   * @brief  Initialize the low level portion of the host driver.
 200:USB_HOST/Target/usbh_conf.c ****   * @param  phost: Host handle
 201:USB_HOST/Target/usbh_conf.c ****   * @retval USBH status
 202:USB_HOST/Target/usbh_conf.c ****   */
 203:USB_HOST/Target/usbh_conf.c **** USBH_StatusTypeDef USBH_LL_Init(USBH_HandleTypeDef *phost)
 204:USB_HOST/Target/usbh_conf.c **** {
 412              		.loc 1 204 1 is_stmt 1 view -0
 413              		.cfi_startproc
 414              		@ args = 0, pretend = 0, frame = 0
 415              		@ frame_needed = 0, uses_anonymous_args = 0
 205:USB_HOST/Target/usbh_conf.c ****   /* Init USB_IP */
 206:USB_HOST/Target/usbh_conf.c ****   if (phost->id == HOST_FS) {
 416              		.loc 1 206 3 view .LVU82
 417              		.loc 1 206 12 is_stmt 0 view .LVU83
 418 0000 90F8CC33 		ldrb	r3, [r0, #972]	@ zero_extendqisi2
 419              		.loc 1 206 6 view .LVU84
 420 0004 012B     		cmp	r3, #1
 421 0006 01D0     		beq	.L31
 207:USB_HOST/Target/usbh_conf.c ****   /* Link the driver to the stack. */
 208:USB_HOST/Target/usbh_conf.c ****   hhcd_USB_OTG_FS.pData = phost;
 209:USB_HOST/Target/usbh_conf.c ****   phost->pData = &hhcd_USB_OTG_FS;
 210:USB_HOST/Target/usbh_conf.c **** 
 211:USB_HOST/Target/usbh_conf.c ****   hhcd_USB_OTG_FS.Instance = USB_OTG_FS;
 212:USB_HOST/Target/usbh_conf.c ****   hhcd_USB_OTG_FS.Init.Host_channels = 8;
 213:USB_HOST/Target/usbh_conf.c ****   hhcd_USB_OTG_FS.Init.speed = HCD_SPEED_FULL;
 214:USB_HOST/Target/usbh_conf.c ****   hhcd_USB_OTG_FS.Init.dma_enable = DISABLE;
 215:USB_HOST/Target/usbh_conf.c ****   hhcd_USB_OTG_FS.Init.phy_itface = HCD_PHY_EMBEDDED;
 216:USB_HOST/Target/usbh_conf.c ****   hhcd_USB_OTG_FS.Init.Sof_enable = DISABLE;
 217:USB_HOST/Target/usbh_conf.c ****   if (HAL_HCD_Init(&hhcd_USB_OTG_FS) != HAL_OK)
 218:USB_HOST/Target/usbh_conf.c ****   {
 219:USB_HOST/Target/usbh_conf.c ****     Error_Handler( );
 220:USB_HOST/Target/usbh_conf.c ****   }
 221:USB_HOST/Target/usbh_conf.c **** 
 222:USB_HOST/Target/usbh_conf.c ****   USBH_LL_SetTimer(phost, HAL_HCD_GetCurrentFrame(&hhcd_USB_OTG_FS));
 223:USB_HOST/Target/usbh_conf.c ****   }
 224:USB_HOST/Target/usbh_conf.c ****   return USBH_OK;
 422              		.loc 1 224 3 is_stmt 1 view .LVU85
 225:USB_HOST/Target/usbh_conf.c **** }
 423              		.loc 1 225 1 is_stmt 0 view .LVU86
 424 0008 0020     		movs	r0, #0
 425              	.LVL31:
 426              		.loc 1 225 1 view .LVU87
 427 000a 7047     		bx	lr
 428              	.LVL32:
 429              	.L31:
 204:USB_HOST/Target/usbh_conf.c ****   /* Init USB_IP */
 430              		.loc 1 204 1 view .LVU88
 431 000c 10B5     		push	{r4, lr}
 432              	.LCFI10:
 433              		.cfi_def_cfa_offset 8
 434              		.cfi_offset 4, -8
 435              		.cfi_offset 14, -4
 436 000e 0446     		mov	r4, r0
 208:USB_HOST/Target/usbh_conf.c ****   phost->pData = &hhcd_USB_OTG_FS;
ARM GAS  C:\Users\Acer\AppData\Local\Temp\cceG2TTP.s 			page 13


 437              		.loc 1 208 3 is_stmt 1 view .LVU89
 208:USB_HOST/Target/usbh_conf.c ****   phost->pData = &hhcd_USB_OTG_FS;
 438              		.loc 1 208 25 is_stmt 0 view .LVU90
 439 0010 0F48     		ldr	r0, .L33
 440              	.LVL33:
 208:USB_HOST/Target/usbh_conf.c ****   phost->pData = &hhcd_USB_OTG_FS;
 441              		.loc 1 208 25 view .LVU91
 442 0012 C0F80043 		str	r4, [r0, #768]
 209:USB_HOST/Target/usbh_conf.c **** 
 443              		.loc 1 209 3 is_stmt 1 view .LVU92
 209:USB_HOST/Target/usbh_conf.c **** 
 444              		.loc 1 209 16 is_stmt 0 view .LVU93
 445 0016 C4F8D003 		str	r0, [r4, #976]
 211:USB_HOST/Target/usbh_conf.c ****   hhcd_USB_OTG_FS.Init.Host_channels = 8;
 446              		.loc 1 211 3 is_stmt 1 view .LVU94
 211:USB_HOST/Target/usbh_conf.c ****   hhcd_USB_OTG_FS.Init.Host_channels = 8;
 447              		.loc 1 211 28 is_stmt 0 view .LVU95
 448 001a 4FF0A043 		mov	r3, #1342177280
 449 001e 0360     		str	r3, [r0]
 212:USB_HOST/Target/usbh_conf.c ****   hhcd_USB_OTG_FS.Init.speed = HCD_SPEED_FULL;
 450              		.loc 1 212 3 is_stmt 1 view .LVU96
 212:USB_HOST/Target/usbh_conf.c ****   hhcd_USB_OTG_FS.Init.speed = HCD_SPEED_FULL;
 451              		.loc 1 212 38 is_stmt 0 view .LVU97
 452 0020 0823     		movs	r3, #8
 453 0022 8360     		str	r3, [r0, #8]
 213:USB_HOST/Target/usbh_conf.c ****   hhcd_USB_OTG_FS.Init.dma_enable = DISABLE;
 454              		.loc 1 213 3 is_stmt 1 view .LVU98
 213:USB_HOST/Target/usbh_conf.c ****   hhcd_USB_OTG_FS.Init.dma_enable = DISABLE;
 455              		.loc 1 213 30 is_stmt 0 view .LVU99
 456 0024 0123     		movs	r3, #1
 457 0026 C360     		str	r3, [r0, #12]
 214:USB_HOST/Target/usbh_conf.c ****   hhcd_USB_OTG_FS.Init.phy_itface = HCD_PHY_EMBEDDED;
 458              		.loc 1 214 3 is_stmt 1 view .LVU100
 214:USB_HOST/Target/usbh_conf.c ****   hhcd_USB_OTG_FS.Init.phy_itface = HCD_PHY_EMBEDDED;
 459              		.loc 1 214 35 is_stmt 0 view .LVU101
 460 0028 0023     		movs	r3, #0
 461 002a 0361     		str	r3, [r0, #16]
 215:USB_HOST/Target/usbh_conf.c ****   hhcd_USB_OTG_FS.Init.Sof_enable = DISABLE;
 462              		.loc 1 215 3 is_stmt 1 view .LVU102
 215:USB_HOST/Target/usbh_conf.c ****   hhcd_USB_OTG_FS.Init.Sof_enable = DISABLE;
 463              		.loc 1 215 35 is_stmt 0 view .LVU103
 464 002c 0222     		movs	r2, #2
 465 002e 8261     		str	r2, [r0, #24]
 216:USB_HOST/Target/usbh_conf.c ****   if (HAL_HCD_Init(&hhcd_USB_OTG_FS) != HAL_OK)
 466              		.loc 1 216 3 is_stmt 1 view .LVU104
 216:USB_HOST/Target/usbh_conf.c ****   if (HAL_HCD_Init(&hhcd_USB_OTG_FS) != HAL_OK)
 467              		.loc 1 216 35 is_stmt 0 view .LVU105
 468 0030 C361     		str	r3, [r0, #28]
 217:USB_HOST/Target/usbh_conf.c ****   {
 469              		.loc 1 217 3 is_stmt 1 view .LVU106
 217:USB_HOST/Target/usbh_conf.c ****   {
 470              		.loc 1 217 7 is_stmt 0 view .LVU107
 471 0032 FFF7FEFF 		bl	HAL_HCD_Init
 472              	.LVL34:
 217:USB_HOST/Target/usbh_conf.c ****   {
 473              		.loc 1 217 6 view .LVU108
 474 0036 40B9     		cbnz	r0, .L32
ARM GAS  C:\Users\Acer\AppData\Local\Temp\cceG2TTP.s 			page 14


 475              	.L26:
 222:USB_HOST/Target/usbh_conf.c ****   }
 476              		.loc 1 222 3 is_stmt 1 view .LVU109
 477 0038 0548     		ldr	r0, .L33
 478 003a FFF7FEFF 		bl	HAL_HCD_GetCurrentFrame
 479              	.LVL35:
 480 003e 0146     		mov	r1, r0
 481 0040 2046     		mov	r0, r4
 482 0042 FFF7FEFF 		bl	USBH_LL_SetTimer
 483              	.LVL36:
 224:USB_HOST/Target/usbh_conf.c **** }
 484              		.loc 1 224 3 view .LVU110
 485              		.loc 1 225 1 is_stmt 0 view .LVU111
 486 0046 0020     		movs	r0, #0
 487 0048 10BD     		pop	{r4, pc}
 488              	.LVL37:
 489              	.L32:
 219:USB_HOST/Target/usbh_conf.c ****   }
 490              		.loc 1 219 5 is_stmt 1 view .LVU112
 491 004a FFF7FEFF 		bl	Error_Handler
 492              	.LVL38:
 493 004e F3E7     		b	.L26
 494              	.L34:
 495              		.align	2
 496              	.L33:
 497 0050 00000000 		.word	.LANCHOR0
 498              		.cfi_endproc
 499              	.LFE141:
 501              		.section	.text.USBH_LL_GetSpeed,"ax",%progbits
 502              		.align	1
 503              		.global	USBH_LL_GetSpeed
 504              		.syntax unified
 505              		.thumb
 506              		.thumb_func
 508              	USBH_LL_GetSpeed:
 509              	.LVL39:
 510              	.LFB145:
 226:USB_HOST/Target/usbh_conf.c **** 
 227:USB_HOST/Target/usbh_conf.c **** /**
 228:USB_HOST/Target/usbh_conf.c ****   * @brief  De-Initialize the low level portion of the host driver.
 229:USB_HOST/Target/usbh_conf.c ****   * @param  phost: Host handle
 230:USB_HOST/Target/usbh_conf.c ****   * @retval USBH status
 231:USB_HOST/Target/usbh_conf.c ****   */
 232:USB_HOST/Target/usbh_conf.c **** USBH_StatusTypeDef USBH_LL_DeInit(USBH_HandleTypeDef *phost)
 233:USB_HOST/Target/usbh_conf.c **** {
 234:USB_HOST/Target/usbh_conf.c ****   HAL_StatusTypeDef hal_status = HAL_OK;
 235:USB_HOST/Target/usbh_conf.c ****   USBH_StatusTypeDef usb_status = USBH_OK;
 236:USB_HOST/Target/usbh_conf.c **** 
 237:USB_HOST/Target/usbh_conf.c ****   hal_status = HAL_HCD_DeInit(phost->pData);
 238:USB_HOST/Target/usbh_conf.c **** 
 239:USB_HOST/Target/usbh_conf.c ****   usb_status = USBH_Get_USB_Status(hal_status);
 240:USB_HOST/Target/usbh_conf.c **** 
 241:USB_HOST/Target/usbh_conf.c ****   return usb_status;
 242:USB_HOST/Target/usbh_conf.c **** }
 243:USB_HOST/Target/usbh_conf.c **** 
 244:USB_HOST/Target/usbh_conf.c **** /**
 245:USB_HOST/Target/usbh_conf.c ****   * @brief  Start the low level portion of the host driver.
ARM GAS  C:\Users\Acer\AppData\Local\Temp\cceG2TTP.s 			page 15


 246:USB_HOST/Target/usbh_conf.c ****   * @param  phost: Host handle
 247:USB_HOST/Target/usbh_conf.c ****   * @retval USBH status
 248:USB_HOST/Target/usbh_conf.c ****   */
 249:USB_HOST/Target/usbh_conf.c **** USBH_StatusTypeDef USBH_LL_Start(USBH_HandleTypeDef *phost)
 250:USB_HOST/Target/usbh_conf.c **** {
 251:USB_HOST/Target/usbh_conf.c ****   HAL_StatusTypeDef hal_status = HAL_OK;
 252:USB_HOST/Target/usbh_conf.c ****   USBH_StatusTypeDef usb_status = USBH_OK;
 253:USB_HOST/Target/usbh_conf.c **** 
 254:USB_HOST/Target/usbh_conf.c ****   hal_status = HAL_HCD_Start(phost->pData);
 255:USB_HOST/Target/usbh_conf.c **** 
 256:USB_HOST/Target/usbh_conf.c ****   usb_status = USBH_Get_USB_Status(hal_status);
 257:USB_HOST/Target/usbh_conf.c **** 
 258:USB_HOST/Target/usbh_conf.c ****   return usb_status;
 259:USB_HOST/Target/usbh_conf.c **** }
 260:USB_HOST/Target/usbh_conf.c **** 
 261:USB_HOST/Target/usbh_conf.c **** /**
 262:USB_HOST/Target/usbh_conf.c ****   * @brief  Stop the low level portion of the host driver.
 263:USB_HOST/Target/usbh_conf.c ****   * @param  phost: Host handle
 264:USB_HOST/Target/usbh_conf.c ****   * @retval USBH status
 265:USB_HOST/Target/usbh_conf.c ****   */
 266:USB_HOST/Target/usbh_conf.c **** USBH_StatusTypeDef USBH_LL_Stop(USBH_HandleTypeDef *phost)
 267:USB_HOST/Target/usbh_conf.c **** {
 268:USB_HOST/Target/usbh_conf.c ****   HAL_StatusTypeDef hal_status = HAL_OK;
 269:USB_HOST/Target/usbh_conf.c ****   USBH_StatusTypeDef usb_status = USBH_OK;
 270:USB_HOST/Target/usbh_conf.c **** 
 271:USB_HOST/Target/usbh_conf.c ****   hal_status = HAL_HCD_Stop(phost->pData);
 272:USB_HOST/Target/usbh_conf.c **** 
 273:USB_HOST/Target/usbh_conf.c ****   usb_status = USBH_Get_USB_Status(hal_status);
 274:USB_HOST/Target/usbh_conf.c **** 
 275:USB_HOST/Target/usbh_conf.c ****   return usb_status;
 276:USB_HOST/Target/usbh_conf.c **** }
 277:USB_HOST/Target/usbh_conf.c **** 
 278:USB_HOST/Target/usbh_conf.c **** /**
 279:USB_HOST/Target/usbh_conf.c ****   * @brief  Return the USB host speed from the low level driver.
 280:USB_HOST/Target/usbh_conf.c ****   * @param  phost: Host handle
 281:USB_HOST/Target/usbh_conf.c ****   * @retval USBH speeds
 282:USB_HOST/Target/usbh_conf.c ****   */
 283:USB_HOST/Target/usbh_conf.c **** USBH_SpeedTypeDef USBH_LL_GetSpeed(USBH_HandleTypeDef *phost)
 284:USB_HOST/Target/usbh_conf.c **** {
 511              		.loc 1 284 1 view -0
 512              		.cfi_startproc
 513              		@ args = 0, pretend = 0, frame = 0
 514              		@ frame_needed = 0, uses_anonymous_args = 0
 515              		.loc 1 284 1 is_stmt 0 view .LVU114
 516 0000 08B5     		push	{r3, lr}
 517              	.LCFI11:
 518              		.cfi_def_cfa_offset 8
 519              		.cfi_offset 3, -8
 520              		.cfi_offset 14, -4
 285:USB_HOST/Target/usbh_conf.c ****   USBH_SpeedTypeDef speed = USBH_SPEED_FULL;
 521              		.loc 1 285 3 is_stmt 1 view .LVU115
 522              	.LVL40:
 286:USB_HOST/Target/usbh_conf.c **** 
 287:USB_HOST/Target/usbh_conf.c ****   switch (HAL_HCD_GetCurrentSpeed(phost->pData))
 523              		.loc 1 287 3 view .LVU116
 524              		.loc 1 287 11 is_stmt 0 view .LVU117
 525 0002 D0F8D003 		ldr	r0, [r0, #976]
ARM GAS  C:\Users\Acer\AppData\Local\Temp\cceG2TTP.s 			page 16


 526              	.LVL41:
 527              		.loc 1 287 11 view .LVU118
 528 0006 FFF7FEFF 		bl	HAL_HCD_GetCurrentSpeed
 529              	.LVL42:
 530              		.loc 1 287 3 view .LVU119
 531 000a 0128     		cmp	r0, #1
 532 000c 04D0     		beq	.L37
 533 000e 0228     		cmp	r0, #2
 534 0010 04D0     		beq	.L38
 535 0012 00B1     		cbz	r0, .L36
 288:USB_HOST/Target/usbh_conf.c ****   {
 289:USB_HOST/Target/usbh_conf.c ****   case 0 :
 290:USB_HOST/Target/usbh_conf.c ****     speed = USBH_SPEED_HIGH;
 291:USB_HOST/Target/usbh_conf.c ****     break;
 292:USB_HOST/Target/usbh_conf.c **** 
 293:USB_HOST/Target/usbh_conf.c ****   case 1 :
 294:USB_HOST/Target/usbh_conf.c ****     speed = USBH_SPEED_FULL;
 295:USB_HOST/Target/usbh_conf.c ****     break;
 296:USB_HOST/Target/usbh_conf.c **** 
 297:USB_HOST/Target/usbh_conf.c ****   case 2 :
 298:USB_HOST/Target/usbh_conf.c ****     speed = USBH_SPEED_LOW;
 299:USB_HOST/Target/usbh_conf.c ****     break;
 300:USB_HOST/Target/usbh_conf.c **** 
 301:USB_HOST/Target/usbh_conf.c ****   default:
 302:USB_HOST/Target/usbh_conf.c ****    speed = USBH_SPEED_FULL;
 536              		.loc 1 302 10 view .LVU120
 537 0014 0120     		movs	r0, #1
 538              	.L36:
 539              	.LVL43:
 303:USB_HOST/Target/usbh_conf.c ****     break;
 304:USB_HOST/Target/usbh_conf.c ****   }
 305:USB_HOST/Target/usbh_conf.c ****   return  speed;
 540              		.loc 1 305 3 is_stmt 1 view .LVU121
 306:USB_HOST/Target/usbh_conf.c **** }
 541              		.loc 1 306 1 is_stmt 0 view .LVU122
 542 0016 08BD     		pop	{r3, pc}
 543              	.LVL44:
 544              	.L37:
 294:USB_HOST/Target/usbh_conf.c ****     break;
 545              		.loc 1 294 11 view .LVU123
 546 0018 0120     		movs	r0, #1
 547 001a FCE7     		b	.L36
 548              	.L38:
 298:USB_HOST/Target/usbh_conf.c ****     break;
 549              		.loc 1 298 11 view .LVU124
 550 001c 0220     		movs	r0, #2
 551 001e FAE7     		b	.L36
 552              		.cfi_endproc
 553              	.LFE145:
 555              		.section	.text.USBH_LL_GetLastXferSize,"ax",%progbits
 556              		.align	1
 557              		.global	USBH_LL_GetLastXferSize
 558              		.syntax unified
 559              		.thumb
 560              		.thumb_func
 562              	USBH_LL_GetLastXferSize:
 563              	.LVL45:
ARM GAS  C:\Users\Acer\AppData\Local\Temp\cceG2TTP.s 			page 17


 564              	.LFB147:
 307:USB_HOST/Target/usbh_conf.c **** 
 308:USB_HOST/Target/usbh_conf.c **** /**
 309:USB_HOST/Target/usbh_conf.c ****   * @brief  Reset the Host port of the low level driver.
 310:USB_HOST/Target/usbh_conf.c ****   * @param  phost: Host handle
 311:USB_HOST/Target/usbh_conf.c ****   * @retval USBH status
 312:USB_HOST/Target/usbh_conf.c ****   */
 313:USB_HOST/Target/usbh_conf.c **** USBH_StatusTypeDef USBH_LL_ResetPort(USBH_HandleTypeDef *phost)
 314:USB_HOST/Target/usbh_conf.c **** {
 315:USB_HOST/Target/usbh_conf.c ****   HAL_StatusTypeDef hal_status = HAL_OK;
 316:USB_HOST/Target/usbh_conf.c ****   USBH_StatusTypeDef usb_status = USBH_OK;
 317:USB_HOST/Target/usbh_conf.c **** 
 318:USB_HOST/Target/usbh_conf.c ****   hal_status = HAL_HCD_ResetPort(phost->pData);
 319:USB_HOST/Target/usbh_conf.c **** 
 320:USB_HOST/Target/usbh_conf.c ****   usb_status = USBH_Get_USB_Status(hal_status);
 321:USB_HOST/Target/usbh_conf.c **** 
 322:USB_HOST/Target/usbh_conf.c ****   return usb_status;
 323:USB_HOST/Target/usbh_conf.c **** }
 324:USB_HOST/Target/usbh_conf.c **** 
 325:USB_HOST/Target/usbh_conf.c **** /**
 326:USB_HOST/Target/usbh_conf.c ****   * @brief  Return the last transfered packet size.
 327:USB_HOST/Target/usbh_conf.c ****   * @param  phost: Host handle
 328:USB_HOST/Target/usbh_conf.c ****   * @param  pipe: Pipe index
 329:USB_HOST/Target/usbh_conf.c ****   * @retval Packet size
 330:USB_HOST/Target/usbh_conf.c ****   */
 331:USB_HOST/Target/usbh_conf.c **** uint32_t USBH_LL_GetLastXferSize(USBH_HandleTypeDef *phost, uint8_t pipe)
 332:USB_HOST/Target/usbh_conf.c **** {
 565              		.loc 1 332 1 is_stmt 1 view -0
 566              		.cfi_startproc
 567              		@ args = 0, pretend = 0, frame = 0
 568              		@ frame_needed = 0, uses_anonymous_args = 0
 569              		.loc 1 332 1 is_stmt 0 view .LVU126
 570 0000 08B5     		push	{r3, lr}
 571              	.LCFI12:
 572              		.cfi_def_cfa_offset 8
 573              		.cfi_offset 3, -8
 574              		.cfi_offset 14, -4
 333:USB_HOST/Target/usbh_conf.c ****   return HAL_HCD_HC_GetXferCount(phost->pData, pipe);
 575              		.loc 1 333 3 is_stmt 1 view .LVU127
 576              		.loc 1 333 10 is_stmt 0 view .LVU128
 577 0002 D0F8D003 		ldr	r0, [r0, #976]
 578              	.LVL46:
 579              		.loc 1 333 10 view .LVU129
 580 0006 FFF7FEFF 		bl	HAL_HCD_HC_GetXferCount
 581              	.LVL47:
 334:USB_HOST/Target/usbh_conf.c **** }
 582              		.loc 1 334 1 view .LVU130
 583 000a 08BD     		pop	{r3, pc}
 584              		.cfi_endproc
 585              	.LFE147:
 587              		.section	.text.USBH_LL_GetURBState,"ax",%progbits
 588              		.align	1
 589              		.global	USBH_LL_GetURBState
 590              		.syntax unified
 591              		.thumb
 592              		.thumb_func
 594              	USBH_LL_GetURBState:
ARM GAS  C:\Users\Acer\AppData\Local\Temp\cceG2TTP.s 			page 18


 595              	.LVL48:
 596              	.LFB151:
 335:USB_HOST/Target/usbh_conf.c **** 
 336:USB_HOST/Target/usbh_conf.c **** /**
 337:USB_HOST/Target/usbh_conf.c ****   * @brief  Open a pipe of the low level driver.
 338:USB_HOST/Target/usbh_conf.c ****   * @param  phost: Host handle
 339:USB_HOST/Target/usbh_conf.c ****   * @param  pipe_num: Pipe index
 340:USB_HOST/Target/usbh_conf.c ****   * @param  epnum: Endpoint number
 341:USB_HOST/Target/usbh_conf.c ****   * @param  dev_address: Device USB address
 342:USB_HOST/Target/usbh_conf.c ****   * @param  speed: Device Speed
 343:USB_HOST/Target/usbh_conf.c ****   * @param  ep_type: Endpoint type
 344:USB_HOST/Target/usbh_conf.c ****   * @param  mps: Endpoint max packet size
 345:USB_HOST/Target/usbh_conf.c ****   * @retval USBH status
 346:USB_HOST/Target/usbh_conf.c ****   */
 347:USB_HOST/Target/usbh_conf.c **** USBH_StatusTypeDef USBH_LL_OpenPipe(USBH_HandleTypeDef *phost, uint8_t pipe_num, uint8_t epnum,
 348:USB_HOST/Target/usbh_conf.c ****                                     uint8_t dev_address, uint8_t speed, uint8_t ep_type, uint16_t m
 349:USB_HOST/Target/usbh_conf.c **** {
 350:USB_HOST/Target/usbh_conf.c ****   HAL_StatusTypeDef hal_status = HAL_OK;
 351:USB_HOST/Target/usbh_conf.c ****   USBH_StatusTypeDef usb_status = USBH_OK;
 352:USB_HOST/Target/usbh_conf.c **** 
 353:USB_HOST/Target/usbh_conf.c ****   hal_status = HAL_HCD_HC_Init(phost->pData, pipe_num, epnum,
 354:USB_HOST/Target/usbh_conf.c ****                                dev_address, speed, ep_type, mps);
 355:USB_HOST/Target/usbh_conf.c **** 
 356:USB_HOST/Target/usbh_conf.c ****   usb_status = USBH_Get_USB_Status(hal_status);
 357:USB_HOST/Target/usbh_conf.c **** 
 358:USB_HOST/Target/usbh_conf.c ****   return usb_status;
 359:USB_HOST/Target/usbh_conf.c **** }
 360:USB_HOST/Target/usbh_conf.c **** 
 361:USB_HOST/Target/usbh_conf.c **** /**
 362:USB_HOST/Target/usbh_conf.c ****   * @brief  Close a pipe of the low level driver.
 363:USB_HOST/Target/usbh_conf.c ****   * @param  phost: Host handle
 364:USB_HOST/Target/usbh_conf.c ****   * @param  pipe: Pipe index
 365:USB_HOST/Target/usbh_conf.c ****   * @retval USBH status
 366:USB_HOST/Target/usbh_conf.c ****   */
 367:USB_HOST/Target/usbh_conf.c **** USBH_StatusTypeDef USBH_LL_ClosePipe(USBH_HandleTypeDef *phost, uint8_t pipe)
 368:USB_HOST/Target/usbh_conf.c **** {
 369:USB_HOST/Target/usbh_conf.c ****   HAL_StatusTypeDef hal_status = HAL_OK;
 370:USB_HOST/Target/usbh_conf.c ****   USBH_StatusTypeDef usb_status = USBH_OK;
 371:USB_HOST/Target/usbh_conf.c **** 
 372:USB_HOST/Target/usbh_conf.c ****   hal_status = HAL_HCD_HC_Halt(phost->pData, pipe);
 373:USB_HOST/Target/usbh_conf.c **** 
 374:USB_HOST/Target/usbh_conf.c ****   usb_status = USBH_Get_USB_Status(hal_status);
 375:USB_HOST/Target/usbh_conf.c **** 
 376:USB_HOST/Target/usbh_conf.c ****   return usb_status;
 377:USB_HOST/Target/usbh_conf.c **** }
 378:USB_HOST/Target/usbh_conf.c **** 
 379:USB_HOST/Target/usbh_conf.c **** /**
 380:USB_HOST/Target/usbh_conf.c ****   * @brief  Submit a new URB to the low level driver.
 381:USB_HOST/Target/usbh_conf.c ****   * @param  phost: Host handle
 382:USB_HOST/Target/usbh_conf.c ****   * @param  pipe: Pipe index
 383:USB_HOST/Target/usbh_conf.c ****   *         This parameter can be a value from 1 to 15
 384:USB_HOST/Target/usbh_conf.c ****   * @param  direction : Channel number
 385:USB_HOST/Target/usbh_conf.c ****   *          This parameter can be one of the these values:
 386:USB_HOST/Target/usbh_conf.c ****   *           0 : Output
 387:USB_HOST/Target/usbh_conf.c ****   *           1 : Input
 388:USB_HOST/Target/usbh_conf.c ****   * @param  ep_type : Endpoint Type
 389:USB_HOST/Target/usbh_conf.c ****   *          This parameter can be one of the these values:
ARM GAS  C:\Users\Acer\AppData\Local\Temp\cceG2TTP.s 			page 19


 390:USB_HOST/Target/usbh_conf.c ****   *            @arg EP_TYPE_CTRL: Control type
 391:USB_HOST/Target/usbh_conf.c ****   *            @arg EP_TYPE_ISOC: Isochrounous type
 392:USB_HOST/Target/usbh_conf.c ****   *            @arg EP_TYPE_BULK: Bulk type
 393:USB_HOST/Target/usbh_conf.c ****   *            @arg EP_TYPE_INTR: Interrupt type
 394:USB_HOST/Target/usbh_conf.c ****   * @param  token : Endpoint Type
 395:USB_HOST/Target/usbh_conf.c ****   *          This parameter can be one of the these values:
 396:USB_HOST/Target/usbh_conf.c ****   *            @arg 0: PID_SETUP
 397:USB_HOST/Target/usbh_conf.c ****   *            @arg 1: PID_DATA
 398:USB_HOST/Target/usbh_conf.c ****   * @param  pbuff : pointer to URB data
 399:USB_HOST/Target/usbh_conf.c ****   * @param  length : Length of URB data
 400:USB_HOST/Target/usbh_conf.c ****   * @param  do_ping : activate do ping protocol (for high speed only)
 401:USB_HOST/Target/usbh_conf.c ****   *          This parameter can be one of the these values:
 402:USB_HOST/Target/usbh_conf.c ****   *           0 : do ping inactive
 403:USB_HOST/Target/usbh_conf.c ****   *           1 : do ping active
 404:USB_HOST/Target/usbh_conf.c ****   * @retval Status
 405:USB_HOST/Target/usbh_conf.c ****   */
 406:USB_HOST/Target/usbh_conf.c **** USBH_StatusTypeDef USBH_LL_SubmitURB(USBH_HandleTypeDef *phost, uint8_t pipe, uint8_t direction,
 407:USB_HOST/Target/usbh_conf.c ****                                      uint8_t ep_type, uint8_t token, uint8_t *pbuff, uint16_t lengt
 408:USB_HOST/Target/usbh_conf.c ****                                      uint8_t do_ping)
 409:USB_HOST/Target/usbh_conf.c **** {
 410:USB_HOST/Target/usbh_conf.c ****   HAL_StatusTypeDef hal_status = HAL_OK;
 411:USB_HOST/Target/usbh_conf.c ****   USBH_StatusTypeDef usb_status = USBH_OK;
 412:USB_HOST/Target/usbh_conf.c **** 
 413:USB_HOST/Target/usbh_conf.c ****   hal_status = HAL_HCD_HC_SubmitRequest(phost->pData, pipe, direction ,
 414:USB_HOST/Target/usbh_conf.c ****                                         ep_type, token, pbuff, length,
 415:USB_HOST/Target/usbh_conf.c ****                                         do_ping);
 416:USB_HOST/Target/usbh_conf.c ****   usb_status =  USBH_Get_USB_Status(hal_status);
 417:USB_HOST/Target/usbh_conf.c **** 
 418:USB_HOST/Target/usbh_conf.c ****   return usb_status;
 419:USB_HOST/Target/usbh_conf.c **** }
 420:USB_HOST/Target/usbh_conf.c **** 
 421:USB_HOST/Target/usbh_conf.c **** /**
 422:USB_HOST/Target/usbh_conf.c ****   * @brief  Get a URB state from the low level driver.
 423:USB_HOST/Target/usbh_conf.c ****   * @param  phost: Host handle
 424:USB_HOST/Target/usbh_conf.c ****   * @param  pipe: Pipe index
 425:USB_HOST/Target/usbh_conf.c ****   *         This parameter can be a value from 1 to 15
 426:USB_HOST/Target/usbh_conf.c ****   * @retval URB state
 427:USB_HOST/Target/usbh_conf.c ****   *          This parameter can be one of the these values:
 428:USB_HOST/Target/usbh_conf.c ****   *            @arg URB_IDLE
 429:USB_HOST/Target/usbh_conf.c ****   *            @arg URB_DONE
 430:USB_HOST/Target/usbh_conf.c ****   *            @arg URB_NOTREADY
 431:USB_HOST/Target/usbh_conf.c ****   *            @arg URB_NYET
 432:USB_HOST/Target/usbh_conf.c ****   *            @arg URB_ERROR
 433:USB_HOST/Target/usbh_conf.c ****   *            @arg URB_STALL
 434:USB_HOST/Target/usbh_conf.c ****   */
 435:USB_HOST/Target/usbh_conf.c **** USBH_URBStateTypeDef USBH_LL_GetURBState(USBH_HandleTypeDef *phost, uint8_t pipe)
 436:USB_HOST/Target/usbh_conf.c **** {
 597              		.loc 1 436 1 is_stmt 1 view -0
 598              		.cfi_startproc
 599              		@ args = 0, pretend = 0, frame = 0
 600              		@ frame_needed = 0, uses_anonymous_args = 0
 601              		.loc 1 436 1 is_stmt 0 view .LVU132
 602 0000 08B5     		push	{r3, lr}
 603              	.LCFI13:
 604              		.cfi_def_cfa_offset 8
 605              		.cfi_offset 3, -8
 606              		.cfi_offset 14, -4
ARM GAS  C:\Users\Acer\AppData\Local\Temp\cceG2TTP.s 			page 20


 437:USB_HOST/Target/usbh_conf.c ****   return (USBH_URBStateTypeDef)HAL_HCD_HC_GetURBState (phost->pData, pipe);
 607              		.loc 1 437 3 is_stmt 1 view .LVU133
 608              		.loc 1 437 32 is_stmt 0 view .LVU134
 609 0002 D0F8D003 		ldr	r0, [r0, #976]
 610              	.LVL49:
 611              		.loc 1 437 32 view .LVU135
 612 0006 FFF7FEFF 		bl	HAL_HCD_HC_GetURBState
 613              	.LVL50:
 438:USB_HOST/Target/usbh_conf.c **** }
 614              		.loc 1 438 1 view .LVU136
 615 000a 08BD     		pop	{r3, pc}
 616              		.cfi_endproc
 617              	.LFE151:
 619              		.section	.text.USBH_LL_DriverVBUS,"ax",%progbits
 620              		.align	1
 621              		.global	USBH_LL_DriverVBUS
 622              		.syntax unified
 623              		.thumb
 624              		.thumb_func
 626              	USBH_LL_DriverVBUS:
 627              	.LVL51:
 628              	.LFB152:
 439:USB_HOST/Target/usbh_conf.c **** 
 440:USB_HOST/Target/usbh_conf.c **** /**
 441:USB_HOST/Target/usbh_conf.c ****   * @brief  Drive VBUS.
 442:USB_HOST/Target/usbh_conf.c ****   * @param  phost: Host handle
 443:USB_HOST/Target/usbh_conf.c ****   * @param  state : VBUS state
 444:USB_HOST/Target/usbh_conf.c ****   *          This parameter can be one of the these values:
 445:USB_HOST/Target/usbh_conf.c ****   *           0 : VBUS Inactive
 446:USB_HOST/Target/usbh_conf.c ****   *           1 : VBUS Active
 447:USB_HOST/Target/usbh_conf.c ****   * @retval Status
 448:USB_HOST/Target/usbh_conf.c ****   */
 449:USB_HOST/Target/usbh_conf.c **** USBH_StatusTypeDef USBH_LL_DriverVBUS(USBH_HandleTypeDef *phost, uint8_t state)
 450:USB_HOST/Target/usbh_conf.c **** {
 629              		.loc 1 450 1 is_stmt 1 view -0
 630              		.cfi_startproc
 631              		@ args = 0, pretend = 0, frame = 0
 632              		@ frame_needed = 0, uses_anonymous_args = 0
 633              		.loc 1 450 1 is_stmt 0 view .LVU138
 634 0000 08B5     		push	{r3, lr}
 635              	.LCFI14:
 636              		.cfi_def_cfa_offset 8
 637              		.cfi_offset 3, -8
 638              		.cfi_offset 14, -4
 451:USB_HOST/Target/usbh_conf.c ****   if (phost->id == HOST_FS) {
 639              		.loc 1 451 3 is_stmt 1 view .LVU139
 640              		.loc 1 451 12 is_stmt 0 view .LVU140
 641 0002 90F8CC33 		ldrb	r3, [r0, #972]	@ zero_extendqisi2
 642              		.loc 1 451 6 view .LVU141
 643 0006 012B     		cmp	r3, #1
 644 0008 04D0     		beq	.L48
 645              	.LVL52:
 646              	.L46:
 452:USB_HOST/Target/usbh_conf.c ****     MX_DriverVbusFS(state);
 453:USB_HOST/Target/usbh_conf.c ****   }
 454:USB_HOST/Target/usbh_conf.c **** 
 455:USB_HOST/Target/usbh_conf.c ****   /* USER CODE BEGIN 0 */
ARM GAS  C:\Users\Acer\AppData\Local\Temp\cceG2TTP.s 			page 21


 456:USB_HOST/Target/usbh_conf.c **** 
 457:USB_HOST/Target/usbh_conf.c ****   /* USER CODE END 0*/
 458:USB_HOST/Target/usbh_conf.c **** 
 459:USB_HOST/Target/usbh_conf.c ****   HAL_Delay(200);
 647              		.loc 1 459 3 is_stmt 1 view .LVU142
 648 000a C820     		movs	r0, #200
 649 000c FFF7FEFF 		bl	HAL_Delay
 650              	.LVL53:
 460:USB_HOST/Target/usbh_conf.c ****   return USBH_OK;
 651              		.loc 1 460 3 view .LVU143
 461:USB_HOST/Target/usbh_conf.c **** }
 652              		.loc 1 461 1 is_stmt 0 view .LVU144
 653 0010 0020     		movs	r0, #0
 654 0012 08BD     		pop	{r3, pc}
 655              	.LVL54:
 656              	.L48:
 452:USB_HOST/Target/usbh_conf.c ****     MX_DriverVbusFS(state);
 657              		.loc 1 452 5 is_stmt 1 view .LVU145
 658 0014 0846     		mov	r0, r1
 659              	.LVL55:
 452:USB_HOST/Target/usbh_conf.c ****     MX_DriverVbusFS(state);
 660              		.loc 1 452 5 is_stmt 0 view .LVU146
 661 0016 FFF7FEFF 		bl	MX_DriverVbusFS
 662              	.LVL56:
 452:USB_HOST/Target/usbh_conf.c ****     MX_DriverVbusFS(state);
 663              		.loc 1 452 5 view .LVU147
 664 001a F6E7     		b	.L46
 665              		.cfi_endproc
 666              	.LFE152:
 668              		.section	.text.USBH_LL_SetToggle,"ax",%progbits
 669              		.align	1
 670              		.global	USBH_LL_SetToggle
 671              		.syntax unified
 672              		.thumb
 673              		.thumb_func
 675              	USBH_LL_SetToggle:
 676              	.LVL57:
 677              	.LFB153:
 462:USB_HOST/Target/usbh_conf.c **** 
 463:USB_HOST/Target/usbh_conf.c **** /**
 464:USB_HOST/Target/usbh_conf.c ****   * @brief  Set toggle for a pipe.
 465:USB_HOST/Target/usbh_conf.c ****   * @param  phost: Host handle
 466:USB_HOST/Target/usbh_conf.c ****   * @param  pipe: Pipe index
 467:USB_HOST/Target/usbh_conf.c ****   * @param  toggle: toggle (0/1)
 468:USB_HOST/Target/usbh_conf.c ****   * @retval Status
 469:USB_HOST/Target/usbh_conf.c ****   */
 470:USB_HOST/Target/usbh_conf.c **** USBH_StatusTypeDef USBH_LL_SetToggle(USBH_HandleTypeDef *phost, uint8_t pipe, uint8_t toggle)
 471:USB_HOST/Target/usbh_conf.c **** {
 678              		.loc 1 471 1 is_stmt 1 view -0
 679              		.cfi_startproc
 680              		@ args = 0, pretend = 0, frame = 0
 681              		@ frame_needed = 0, uses_anonymous_args = 0
 682              		@ link register save eliminated.
 472:USB_HOST/Target/usbh_conf.c ****   HCD_HandleTypeDef *pHandle;
 683              		.loc 1 472 3 view .LVU149
 473:USB_HOST/Target/usbh_conf.c ****   pHandle = phost->pData;
 684              		.loc 1 473 3 view .LVU150
ARM GAS  C:\Users\Acer\AppData\Local\Temp\cceG2TTP.s 			page 22


 685              		.loc 1 473 11 is_stmt 0 view .LVU151
 686 0000 D0F8D033 		ldr	r3, [r0, #976]
 687              	.LVL58:
 474:USB_HOST/Target/usbh_conf.c **** 
 475:USB_HOST/Target/usbh_conf.c ****   if(pHandle->hc[pipe].ep_is_in)
 688              		.loc 1 475 3 is_stmt 1 view .LVU152
 689              		.loc 1 475 23 is_stmt 0 view .LVU153
 690 0004 2C20     		movs	r0, #44
 691              	.LVL59:
 692              		.loc 1 475 23 view .LVU154
 693 0006 00FB0130 		mla	r0, r0, r1, r3
 694 000a 90F83B00 		ldrb	r0, [r0, #59]	@ zero_extendqisi2
 695              		.loc 1 475 5 view .LVU155
 696 000e 30B1     		cbz	r0, .L50
 476:USB_HOST/Target/usbh_conf.c ****   {
 477:USB_HOST/Target/usbh_conf.c ****     pHandle->hc[pipe].toggle_in = toggle;
 697              		.loc 1 477 5 is_stmt 1 view .LVU156
 698              		.loc 1 477 33 is_stmt 0 view .LVU157
 699 0010 2C20     		movs	r0, #44
 700 0012 00FB0133 		mla	r3, r0, r1, r3
 701              	.LVL60:
 702              		.loc 1 477 33 view .LVU158
 703 0016 83F85420 		strb	r2, [r3, #84]
 704              	.LVL61:
 705              	.L51:
 478:USB_HOST/Target/usbh_conf.c ****   }
 479:USB_HOST/Target/usbh_conf.c ****   else
 480:USB_HOST/Target/usbh_conf.c ****   {
 481:USB_HOST/Target/usbh_conf.c ****     pHandle->hc[pipe].toggle_out = toggle;
 482:USB_HOST/Target/usbh_conf.c ****   }
 483:USB_HOST/Target/usbh_conf.c **** 
 484:USB_HOST/Target/usbh_conf.c ****   return USBH_OK;
 706              		.loc 1 484 3 is_stmt 1 view .LVU159
 485:USB_HOST/Target/usbh_conf.c **** }
 707              		.loc 1 485 1 is_stmt 0 view .LVU160
 708 001a 0020     		movs	r0, #0
 709 001c 7047     		bx	lr
 710              	.LVL62:
 711              	.L50:
 481:USB_HOST/Target/usbh_conf.c ****   }
 712              		.loc 1 481 5 is_stmt 1 view .LVU161
 481:USB_HOST/Target/usbh_conf.c ****   }
 713              		.loc 1 481 34 is_stmt 0 view .LVU162
 714 001e 2C20     		movs	r0, #44
 715 0020 00FB0133 		mla	r3, r0, r1, r3
 716              	.LVL63:
 481:USB_HOST/Target/usbh_conf.c ****   }
 717              		.loc 1 481 34 view .LVU163
 718 0024 83F85520 		strb	r2, [r3, #85]
 719              	.LVL64:
 481:USB_HOST/Target/usbh_conf.c ****   }
 720              		.loc 1 481 34 view .LVU164
 721 0028 F7E7     		b	.L51
 722              		.cfi_endproc
 723              	.LFE153:
 725              		.section	.text.USBH_LL_GetToggle,"ax",%progbits
 726              		.align	1
ARM GAS  C:\Users\Acer\AppData\Local\Temp\cceG2TTP.s 			page 23


 727              		.global	USBH_LL_GetToggle
 728              		.syntax unified
 729              		.thumb
 730              		.thumb_func
 732              	USBH_LL_GetToggle:
 733              	.LVL65:
 734              	.LFB154:
 486:USB_HOST/Target/usbh_conf.c **** 
 487:USB_HOST/Target/usbh_conf.c **** /**
 488:USB_HOST/Target/usbh_conf.c ****   * @brief  Return the current toggle of a pipe.
 489:USB_HOST/Target/usbh_conf.c ****   * @param  phost: Host handle
 490:USB_HOST/Target/usbh_conf.c ****   * @param  pipe: Pipe index
 491:USB_HOST/Target/usbh_conf.c ****   * @retval toggle (0/1)
 492:USB_HOST/Target/usbh_conf.c ****   */
 493:USB_HOST/Target/usbh_conf.c **** uint8_t USBH_LL_GetToggle(USBH_HandleTypeDef *phost, uint8_t pipe)
 494:USB_HOST/Target/usbh_conf.c **** {
 735              		.loc 1 494 1 is_stmt 1 view -0
 736              		.cfi_startproc
 737              		@ args = 0, pretend = 0, frame = 0
 738              		@ frame_needed = 0, uses_anonymous_args = 0
 739              		@ link register save eliminated.
 495:USB_HOST/Target/usbh_conf.c ****   uint8_t toggle = 0;
 740              		.loc 1 495 3 view .LVU166
 496:USB_HOST/Target/usbh_conf.c ****   HCD_HandleTypeDef *pHandle;
 741              		.loc 1 496 3 view .LVU167
 497:USB_HOST/Target/usbh_conf.c ****   pHandle = phost->pData;
 742              		.loc 1 497 3 view .LVU168
 743              		.loc 1 497 11 is_stmt 0 view .LVU169
 744 0000 D0F8D033 		ldr	r3, [r0, #976]
 745              	.LVL66:
 498:USB_HOST/Target/usbh_conf.c **** 
 499:USB_HOST/Target/usbh_conf.c ****   if(pHandle->hc[pipe].ep_is_in)
 746              		.loc 1 499 3 is_stmt 1 view .LVU170
 747              		.loc 1 499 23 is_stmt 0 view .LVU171
 748 0004 2C22     		movs	r2, #44
 749 0006 02FB0132 		mla	r2, r2, r1, r3
 750 000a 92F83B20 		ldrb	r2, [r2, #59]	@ zero_extendqisi2
 751              		.loc 1 499 5 view .LVU172
 752 000e 2AB1     		cbz	r2, .L53
 500:USB_HOST/Target/usbh_conf.c ****   {
 501:USB_HOST/Target/usbh_conf.c ****     toggle = pHandle->hc[pipe].toggle_in;
 753              		.loc 1 501 5 is_stmt 1 view .LVU173
 754              		.loc 1 501 12 is_stmt 0 view .LVU174
 755 0010 2C22     		movs	r2, #44
 756 0012 02FB0133 		mla	r3, r2, r1, r3
 757              	.LVL67:
 758              		.loc 1 501 12 view .LVU175
 759 0016 93F85400 		ldrb	r0, [r3, #84]	@ zero_extendqisi2
 760              	.LVL68:
 761              		.loc 1 501 12 view .LVU176
 762 001a 7047     		bx	lr
 763              	.LVL69:
 764              	.L53:
 502:USB_HOST/Target/usbh_conf.c ****   }
 503:USB_HOST/Target/usbh_conf.c ****   else
 504:USB_HOST/Target/usbh_conf.c ****   {
 505:USB_HOST/Target/usbh_conf.c ****     toggle = pHandle->hc[pipe].toggle_out;
ARM GAS  C:\Users\Acer\AppData\Local\Temp\cceG2TTP.s 			page 24


 765              		.loc 1 505 5 is_stmt 1 view .LVU177
 766              		.loc 1 505 12 is_stmt 0 view .LVU178
 767 001c 2C22     		movs	r2, #44
 768 001e 02FB0133 		mla	r3, r2, r1, r3
 769              	.LVL70:
 770              		.loc 1 505 12 view .LVU179
 771 0022 93F85500 		ldrb	r0, [r3, #85]	@ zero_extendqisi2
 772              	.LVL71:
 506:USB_HOST/Target/usbh_conf.c ****   }
 507:USB_HOST/Target/usbh_conf.c ****   return toggle;
 773              		.loc 1 507 3 is_stmt 1 view .LVU180
 508:USB_HOST/Target/usbh_conf.c **** }
 774              		.loc 1 508 1 is_stmt 0 view .LVU181
 775 0026 7047     		bx	lr
 776              		.cfi_endproc
 777              	.LFE154:
 779              		.section	.text.USBH_Delay,"ax",%progbits
 780              		.align	1
 781              		.global	USBH_Delay
 782              		.syntax unified
 783              		.thumb
 784              		.thumb_func
 786              	USBH_Delay:
 787              	.LVL72:
 788              	.LFB155:
 509:USB_HOST/Target/usbh_conf.c **** 
 510:USB_HOST/Target/usbh_conf.c **** /**
 511:USB_HOST/Target/usbh_conf.c ****   * @brief  Delay routine for the USB Host Library
 512:USB_HOST/Target/usbh_conf.c ****   * @param  Delay: Delay in ms
 513:USB_HOST/Target/usbh_conf.c ****   * @retval None
 514:USB_HOST/Target/usbh_conf.c ****   */
 515:USB_HOST/Target/usbh_conf.c **** void USBH_Delay(uint32_t Delay)
 516:USB_HOST/Target/usbh_conf.c **** {
 789              		.loc 1 516 1 is_stmt 1 view -0
 790              		.cfi_startproc
 791              		@ args = 0, pretend = 0, frame = 0
 792              		@ frame_needed = 0, uses_anonymous_args = 0
 793              		.loc 1 516 1 is_stmt 0 view .LVU183
 794 0000 08B5     		push	{r3, lr}
 795              	.LCFI15:
 796              		.cfi_def_cfa_offset 8
 797              		.cfi_offset 3, -8
 798              		.cfi_offset 14, -4
 517:USB_HOST/Target/usbh_conf.c ****   HAL_Delay(Delay);
 799              		.loc 1 517 3 is_stmt 1 view .LVU184
 800 0002 FFF7FEFF 		bl	HAL_Delay
 801              	.LVL73:
 518:USB_HOST/Target/usbh_conf.c **** }
 802              		.loc 1 518 1 is_stmt 0 view .LVU185
 803 0006 08BD     		pop	{r3, pc}
 804              		.cfi_endproc
 805              	.LFE155:
 807              		.section	.text.USBH_Get_USB_Status,"ax",%progbits
 808              		.align	1
 809              		.global	USBH_Get_USB_Status
 810              		.syntax unified
 811              		.thumb
ARM GAS  C:\Users\Acer\AppData\Local\Temp\cceG2TTP.s 			page 25


 812              		.thumb_func
 814              	USBH_Get_USB_Status:
 815              	.LVL74:
 816              	.LFB156:
 519:USB_HOST/Target/usbh_conf.c **** 
 520:USB_HOST/Target/usbh_conf.c **** /**
 521:USB_HOST/Target/usbh_conf.c ****   * @brief  Retuns the USB status depending on the HAL status:
 522:USB_HOST/Target/usbh_conf.c ****   * @param  hal_status: HAL status
 523:USB_HOST/Target/usbh_conf.c ****   * @retval USB status
 524:USB_HOST/Target/usbh_conf.c ****   */
 525:USB_HOST/Target/usbh_conf.c **** USBH_StatusTypeDef USBH_Get_USB_Status(HAL_StatusTypeDef hal_status)
 526:USB_HOST/Target/usbh_conf.c **** {
 817              		.loc 1 526 1 is_stmt 1 view -0
 818              		.cfi_startproc
 819              		@ args = 0, pretend = 0, frame = 0
 820              		@ frame_needed = 0, uses_anonymous_args = 0
 821              		@ link register save eliminated.
 527:USB_HOST/Target/usbh_conf.c ****   USBH_StatusTypeDef usb_status = USBH_OK;
 822              		.loc 1 527 3 view .LVU187
 528:USB_HOST/Target/usbh_conf.c **** 
 529:USB_HOST/Target/usbh_conf.c ****   switch (hal_status)
 823              		.loc 1 529 3 view .LVU188
 824 0000 0228     		cmp	r0, #2
 825 0002 05D8     		bhi	.L62
 826 0004 DFE800F0 		tbb	[pc, r0]
 827              	.L60:
 828 0008 05       		.byte	(.L58-.L60)/2
 829 0009 04       		.byte	(.L62-.L60)/2
 830 000a 02       		.byte	(.L59-.L60)/2
 831 000b 00       		.p2align 1
 832              	.L59:
 530:USB_HOST/Target/usbh_conf.c ****   {
 531:USB_HOST/Target/usbh_conf.c ****     case HAL_OK :
 532:USB_HOST/Target/usbh_conf.c ****       usb_status = USBH_OK;
 533:USB_HOST/Target/usbh_conf.c ****     break;
 534:USB_HOST/Target/usbh_conf.c ****     case HAL_ERROR :
 535:USB_HOST/Target/usbh_conf.c ****       usb_status = USBH_FAIL;
 536:USB_HOST/Target/usbh_conf.c ****     break;
 537:USB_HOST/Target/usbh_conf.c ****     case HAL_BUSY :
 538:USB_HOST/Target/usbh_conf.c ****       usb_status = USBH_BUSY;
 833              		.loc 1 538 7 view .LVU189
 834              	.LVL75:
 539:USB_HOST/Target/usbh_conf.c ****     break;
 835              		.loc 1 539 5 view .LVU190
 538:USB_HOST/Target/usbh_conf.c ****     break;
 836              		.loc 1 538 18 is_stmt 0 view .LVU191
 837 000c 0120     		movs	r0, #1
 838              	.LVL76:
 839              		.loc 1 539 5 view .LVU192
 840 000e 7047     		bx	lr
 841              	.LVL77:
 842              	.L62:
 535:USB_HOST/Target/usbh_conf.c ****     break;
 843              		.loc 1 535 18 view .LVU193
 844 0010 0220     		movs	r0, #2
 845              	.LVL78:
 846              	.L58:
ARM GAS  C:\Users\Acer\AppData\Local\Temp\cceG2TTP.s 			page 26


 540:USB_HOST/Target/usbh_conf.c ****     case HAL_TIMEOUT :
 541:USB_HOST/Target/usbh_conf.c ****       usb_status = USBH_FAIL;
 542:USB_HOST/Target/usbh_conf.c ****     break;
 543:USB_HOST/Target/usbh_conf.c ****     default :
 544:USB_HOST/Target/usbh_conf.c ****       usb_status = USBH_FAIL;
 545:USB_HOST/Target/usbh_conf.c ****     break;
 546:USB_HOST/Target/usbh_conf.c ****   }
 547:USB_HOST/Target/usbh_conf.c ****   return usb_status;
 847              		.loc 1 547 3 is_stmt 1 view .LVU194
 548:USB_HOST/Target/usbh_conf.c **** }
 848              		.loc 1 548 1 is_stmt 0 view .LVU195
 849 0012 7047     		bx	lr
 850              		.cfi_endproc
 851              	.LFE156:
 853              		.section	.text.USBH_LL_DeInit,"ax",%progbits
 854              		.align	1
 855              		.global	USBH_LL_DeInit
 856              		.syntax unified
 857              		.thumb
 858              		.thumb_func
 860              	USBH_LL_DeInit:
 861              	.LVL79:
 862              	.LFB142:
 233:USB_HOST/Target/usbh_conf.c ****   HAL_StatusTypeDef hal_status = HAL_OK;
 863              		.loc 1 233 1 is_stmt 1 view -0
 864              		.cfi_startproc
 865              		@ args = 0, pretend = 0, frame = 0
 866              		@ frame_needed = 0, uses_anonymous_args = 0
 233:USB_HOST/Target/usbh_conf.c ****   HAL_StatusTypeDef hal_status = HAL_OK;
 867              		.loc 1 233 1 is_stmt 0 view .LVU197
 868 0000 08B5     		push	{r3, lr}
 869              	.LCFI16:
 870              		.cfi_def_cfa_offset 8
 871              		.cfi_offset 3, -8
 872              		.cfi_offset 14, -4
 234:USB_HOST/Target/usbh_conf.c ****   USBH_StatusTypeDef usb_status = USBH_OK;
 873              		.loc 1 234 3 is_stmt 1 view .LVU198
 874              	.LVL80:
 235:USB_HOST/Target/usbh_conf.c **** 
 875              		.loc 1 235 3 view .LVU199
 237:USB_HOST/Target/usbh_conf.c **** 
 876              		.loc 1 237 3 view .LVU200
 237:USB_HOST/Target/usbh_conf.c **** 
 877              		.loc 1 237 16 is_stmt 0 view .LVU201
 878 0002 D0F8D003 		ldr	r0, [r0, #976]
 879              	.LVL81:
 237:USB_HOST/Target/usbh_conf.c **** 
 880              		.loc 1 237 16 view .LVU202
 881 0006 FFF7FEFF 		bl	HAL_HCD_DeInit
 882              	.LVL82:
 239:USB_HOST/Target/usbh_conf.c **** 
 883              		.loc 1 239 3 is_stmt 1 view .LVU203
 239:USB_HOST/Target/usbh_conf.c **** 
 884              		.loc 1 239 16 is_stmt 0 view .LVU204
 885 000a FFF7FEFF 		bl	USBH_Get_USB_Status
 886              	.LVL83:
 241:USB_HOST/Target/usbh_conf.c **** }
ARM GAS  C:\Users\Acer\AppData\Local\Temp\cceG2TTP.s 			page 27


 887              		.loc 1 241 3 is_stmt 1 view .LVU205
 242:USB_HOST/Target/usbh_conf.c **** 
 888              		.loc 1 242 1 is_stmt 0 view .LVU206
 889 000e 08BD     		pop	{r3, pc}
 890              		.cfi_endproc
 891              	.LFE142:
 893              		.section	.text.USBH_LL_Start,"ax",%progbits
 894              		.align	1
 895              		.global	USBH_LL_Start
 896              		.syntax unified
 897              		.thumb
 898              		.thumb_func
 900              	USBH_LL_Start:
 901              	.LVL84:
 902              	.LFB143:
 250:USB_HOST/Target/usbh_conf.c ****   HAL_StatusTypeDef hal_status = HAL_OK;
 903              		.loc 1 250 1 is_stmt 1 view -0
 904              		.cfi_startproc
 905              		@ args = 0, pretend = 0, frame = 0
 906              		@ frame_needed = 0, uses_anonymous_args = 0
 250:USB_HOST/Target/usbh_conf.c ****   HAL_StatusTypeDef hal_status = HAL_OK;
 907              		.loc 1 250 1 is_stmt 0 view .LVU208
 908 0000 08B5     		push	{r3, lr}
 909              	.LCFI17:
 910              		.cfi_def_cfa_offset 8
 911              		.cfi_offset 3, -8
 912              		.cfi_offset 14, -4
 251:USB_HOST/Target/usbh_conf.c ****   USBH_StatusTypeDef usb_status = USBH_OK;
 913              		.loc 1 251 3 is_stmt 1 view .LVU209
 914              	.LVL85:
 252:USB_HOST/Target/usbh_conf.c **** 
 915              		.loc 1 252 3 view .LVU210
 254:USB_HOST/Target/usbh_conf.c **** 
 916              		.loc 1 254 3 view .LVU211
 254:USB_HOST/Target/usbh_conf.c **** 
 917              		.loc 1 254 16 is_stmt 0 view .LVU212
 918 0002 D0F8D003 		ldr	r0, [r0, #976]
 919              	.LVL86:
 254:USB_HOST/Target/usbh_conf.c **** 
 920              		.loc 1 254 16 view .LVU213
 921 0006 FFF7FEFF 		bl	HAL_HCD_Start
 922              	.LVL87:
 256:USB_HOST/Target/usbh_conf.c **** 
 923              		.loc 1 256 3 is_stmt 1 view .LVU214
 256:USB_HOST/Target/usbh_conf.c **** 
 924              		.loc 1 256 16 is_stmt 0 view .LVU215
 925 000a FFF7FEFF 		bl	USBH_Get_USB_Status
 926              	.LVL88:
 258:USB_HOST/Target/usbh_conf.c **** }
 927              		.loc 1 258 3 is_stmt 1 view .LVU216
 259:USB_HOST/Target/usbh_conf.c **** 
 928              		.loc 1 259 1 is_stmt 0 view .LVU217
 929 000e 08BD     		pop	{r3, pc}
 930              		.cfi_endproc
 931              	.LFE143:
 933              		.section	.text.USBH_LL_Stop,"ax",%progbits
 934              		.align	1
ARM GAS  C:\Users\Acer\AppData\Local\Temp\cceG2TTP.s 			page 28


 935              		.global	USBH_LL_Stop
 936              		.syntax unified
 937              		.thumb
 938              		.thumb_func
 940              	USBH_LL_Stop:
 941              	.LVL89:
 942              	.LFB144:
 267:USB_HOST/Target/usbh_conf.c ****   HAL_StatusTypeDef hal_status = HAL_OK;
 943              		.loc 1 267 1 is_stmt 1 view -0
 944              		.cfi_startproc
 945              		@ args = 0, pretend = 0, frame = 0
 946              		@ frame_needed = 0, uses_anonymous_args = 0
 267:USB_HOST/Target/usbh_conf.c ****   HAL_StatusTypeDef hal_status = HAL_OK;
 947              		.loc 1 267 1 is_stmt 0 view .LVU219
 948 0000 08B5     		push	{r3, lr}
 949              	.LCFI18:
 950              		.cfi_def_cfa_offset 8
 951              		.cfi_offset 3, -8
 952              		.cfi_offset 14, -4
 268:USB_HOST/Target/usbh_conf.c ****   USBH_StatusTypeDef usb_status = USBH_OK;
 953              		.loc 1 268 3 is_stmt 1 view .LVU220
 954              	.LVL90:
 269:USB_HOST/Target/usbh_conf.c **** 
 955              		.loc 1 269 3 view .LVU221
 271:USB_HOST/Target/usbh_conf.c **** 
 956              		.loc 1 271 3 view .LVU222
 271:USB_HOST/Target/usbh_conf.c **** 
 957              		.loc 1 271 16 is_stmt 0 view .LVU223
 958 0002 D0F8D003 		ldr	r0, [r0, #976]
 959              	.LVL91:
 271:USB_HOST/Target/usbh_conf.c **** 
 960              		.loc 1 271 16 view .LVU224
 961 0006 FFF7FEFF 		bl	HAL_HCD_Stop
 962              	.LVL92:
 273:USB_HOST/Target/usbh_conf.c **** 
 963              		.loc 1 273 3 is_stmt 1 view .LVU225
 273:USB_HOST/Target/usbh_conf.c **** 
 964              		.loc 1 273 16 is_stmt 0 view .LVU226
 965 000a FFF7FEFF 		bl	USBH_Get_USB_Status
 966              	.LVL93:
 275:USB_HOST/Target/usbh_conf.c **** }
 967              		.loc 1 275 3 is_stmt 1 view .LVU227
 276:USB_HOST/Target/usbh_conf.c **** 
 968              		.loc 1 276 1 is_stmt 0 view .LVU228
 969 000e 08BD     		pop	{r3, pc}
 970              		.cfi_endproc
 971              	.LFE144:
 973              		.section	.text.USBH_LL_ResetPort,"ax",%progbits
 974              		.align	1
 975              		.global	USBH_LL_ResetPort
 976              		.syntax unified
 977              		.thumb
 978              		.thumb_func
 980              	USBH_LL_ResetPort:
 981              	.LVL94:
 982              	.LFB146:
 314:USB_HOST/Target/usbh_conf.c ****   HAL_StatusTypeDef hal_status = HAL_OK;
ARM GAS  C:\Users\Acer\AppData\Local\Temp\cceG2TTP.s 			page 29


 983              		.loc 1 314 1 is_stmt 1 view -0
 984              		.cfi_startproc
 985              		@ args = 0, pretend = 0, frame = 0
 986              		@ frame_needed = 0, uses_anonymous_args = 0
 314:USB_HOST/Target/usbh_conf.c ****   HAL_StatusTypeDef hal_status = HAL_OK;
 987              		.loc 1 314 1 is_stmt 0 view .LVU230
 988 0000 08B5     		push	{r3, lr}
 989              	.LCFI19:
 990              		.cfi_def_cfa_offset 8
 991              		.cfi_offset 3, -8
 992              		.cfi_offset 14, -4
 315:USB_HOST/Target/usbh_conf.c ****   USBH_StatusTypeDef usb_status = USBH_OK;
 993              		.loc 1 315 3 is_stmt 1 view .LVU231
 994              	.LVL95:
 316:USB_HOST/Target/usbh_conf.c **** 
 995              		.loc 1 316 3 view .LVU232
 318:USB_HOST/Target/usbh_conf.c **** 
 996              		.loc 1 318 3 view .LVU233
 318:USB_HOST/Target/usbh_conf.c **** 
 997              		.loc 1 318 16 is_stmt 0 view .LVU234
 998 0002 D0F8D003 		ldr	r0, [r0, #976]
 999              	.LVL96:
 318:USB_HOST/Target/usbh_conf.c **** 
 1000              		.loc 1 318 16 view .LVU235
 1001 0006 FFF7FEFF 		bl	HAL_HCD_ResetPort
 1002              	.LVL97:
 320:USB_HOST/Target/usbh_conf.c **** 
 1003              		.loc 1 320 3 is_stmt 1 view .LVU236
 320:USB_HOST/Target/usbh_conf.c **** 
 1004              		.loc 1 320 16 is_stmt 0 view .LVU237
 1005 000a FFF7FEFF 		bl	USBH_Get_USB_Status
 1006              	.LVL98:
 322:USB_HOST/Target/usbh_conf.c **** }
 1007              		.loc 1 322 3 is_stmt 1 view .LVU238
 323:USB_HOST/Target/usbh_conf.c **** 
 1008              		.loc 1 323 1 is_stmt 0 view .LVU239
 1009 000e 08BD     		pop	{r3, pc}
 1010              		.cfi_endproc
 1011              	.LFE146:
 1013              		.section	.text.USBH_LL_OpenPipe,"ax",%progbits
 1014              		.align	1
 1015              		.global	USBH_LL_OpenPipe
 1016              		.syntax unified
 1017              		.thumb
 1018              		.thumb_func
 1020              	USBH_LL_OpenPipe:
 1021              	.LVL99:
 1022              	.LFB148:
 349:USB_HOST/Target/usbh_conf.c ****   HAL_StatusTypeDef hal_status = HAL_OK;
 1023              		.loc 1 349 1 is_stmt 1 view -0
 1024              		.cfi_startproc
 1025              		@ args = 12, pretend = 0, frame = 0
 1026              		@ frame_needed = 0, uses_anonymous_args = 0
 349:USB_HOST/Target/usbh_conf.c ****   HAL_StatusTypeDef hal_status = HAL_OK;
 1027              		.loc 1 349 1 is_stmt 0 view .LVU241
 1028 0000 10B5     		push	{r4, lr}
 1029              	.LCFI20:
ARM GAS  C:\Users\Acer\AppData\Local\Temp\cceG2TTP.s 			page 30


 1030              		.cfi_def_cfa_offset 8
 1031              		.cfi_offset 4, -8
 1032              		.cfi_offset 14, -4
 1033 0002 84B0     		sub	sp, sp, #16
 1034              	.LCFI21:
 1035              		.cfi_def_cfa_offset 24
 350:USB_HOST/Target/usbh_conf.c ****   USBH_StatusTypeDef usb_status = USBH_OK;
 1036              		.loc 1 350 3 is_stmt 1 view .LVU242
 1037              	.LVL100:
 351:USB_HOST/Target/usbh_conf.c **** 
 1038              		.loc 1 351 3 view .LVU243
 353:USB_HOST/Target/usbh_conf.c ****                                dev_address, speed, ep_type, mps);
 1039              		.loc 1 353 3 view .LVU244
 353:USB_HOST/Target/usbh_conf.c ****                                dev_address, speed, ep_type, mps);
 1040              		.loc 1 353 37 is_stmt 0 view .LVU245
 1041 0004 D0F8D003 		ldr	r0, [r0, #976]
 1042              	.LVL101:
 353:USB_HOST/Target/usbh_conf.c ****                                dev_address, speed, ep_type, mps);
 1043              		.loc 1 353 16 view .LVU246
 1044 0008 BDF82040 		ldrh	r4, [sp, #32]
 1045 000c 0294     		str	r4, [sp, #8]
 1046 000e 9DF81C40 		ldrb	r4, [sp, #28]	@ zero_extendqisi2
 1047 0012 0194     		str	r4, [sp, #4]
 1048 0014 9DF81840 		ldrb	r4, [sp, #24]	@ zero_extendqisi2
 1049 0018 0094     		str	r4, [sp]
 1050 001a FFF7FEFF 		bl	HAL_HCD_HC_Init
 1051              	.LVL102:
 356:USB_HOST/Target/usbh_conf.c **** 
 1052              		.loc 1 356 3 is_stmt 1 view .LVU247
 356:USB_HOST/Target/usbh_conf.c **** 
 1053              		.loc 1 356 16 is_stmt 0 view .LVU248
 1054 001e FFF7FEFF 		bl	USBH_Get_USB_Status
 1055              	.LVL103:
 358:USB_HOST/Target/usbh_conf.c **** }
 1056              		.loc 1 358 3 is_stmt 1 view .LVU249
 359:USB_HOST/Target/usbh_conf.c **** 
 1057              		.loc 1 359 1 is_stmt 0 view .LVU250
 1058 0022 04B0     		add	sp, sp, #16
 1059              	.LCFI22:
 1060              		.cfi_def_cfa_offset 8
 1061              		@ sp needed
 1062 0024 10BD     		pop	{r4, pc}
 359:USB_HOST/Target/usbh_conf.c **** 
 1063              		.loc 1 359 1 view .LVU251
 1064              		.cfi_endproc
 1065              	.LFE148:
 1067              		.section	.text.USBH_LL_ClosePipe,"ax",%progbits
 1068              		.align	1
 1069              		.global	USBH_LL_ClosePipe
 1070              		.syntax unified
 1071              		.thumb
 1072              		.thumb_func
 1074              	USBH_LL_ClosePipe:
 1075              	.LVL104:
 1076              	.LFB149:
 368:USB_HOST/Target/usbh_conf.c ****   HAL_StatusTypeDef hal_status = HAL_OK;
 1077              		.loc 1 368 1 is_stmt 1 view -0
ARM GAS  C:\Users\Acer\AppData\Local\Temp\cceG2TTP.s 			page 31


 1078              		.cfi_startproc
 1079              		@ args = 0, pretend = 0, frame = 0
 1080              		@ frame_needed = 0, uses_anonymous_args = 0
 368:USB_HOST/Target/usbh_conf.c ****   HAL_StatusTypeDef hal_status = HAL_OK;
 1081              		.loc 1 368 1 is_stmt 0 view .LVU253
 1082 0000 08B5     		push	{r3, lr}
 1083              	.LCFI23:
 1084              		.cfi_def_cfa_offset 8
 1085              		.cfi_offset 3, -8
 1086              		.cfi_offset 14, -4
 369:USB_HOST/Target/usbh_conf.c ****   USBH_StatusTypeDef usb_status = USBH_OK;
 1087              		.loc 1 369 3 is_stmt 1 view .LVU254
 1088              	.LVL105:
 370:USB_HOST/Target/usbh_conf.c **** 
 1089              		.loc 1 370 3 view .LVU255
 372:USB_HOST/Target/usbh_conf.c **** 
 1090              		.loc 1 372 3 view .LVU256
 372:USB_HOST/Target/usbh_conf.c **** 
 1091              		.loc 1 372 16 is_stmt 0 view .LVU257
 1092 0002 D0F8D003 		ldr	r0, [r0, #976]
 1093              	.LVL106:
 372:USB_HOST/Target/usbh_conf.c **** 
 1094              		.loc 1 372 16 view .LVU258
 1095 0006 FFF7FEFF 		bl	HAL_HCD_HC_Halt
 1096              	.LVL107:
 374:USB_HOST/Target/usbh_conf.c **** 
 1097              		.loc 1 374 3 is_stmt 1 view .LVU259
 374:USB_HOST/Target/usbh_conf.c **** 
 1098              		.loc 1 374 16 is_stmt 0 view .LVU260
 1099 000a FFF7FEFF 		bl	USBH_Get_USB_Status
 1100              	.LVL108:
 376:USB_HOST/Target/usbh_conf.c **** }
 1101              		.loc 1 376 3 is_stmt 1 view .LVU261
 377:USB_HOST/Target/usbh_conf.c **** 
 1102              		.loc 1 377 1 is_stmt 0 view .LVU262
 1103 000e 08BD     		pop	{r3, pc}
 1104              		.cfi_endproc
 1105              	.LFE149:
 1107              		.section	.text.USBH_LL_SubmitURB,"ax",%progbits
 1108              		.align	1
 1109              		.global	USBH_LL_SubmitURB
 1110              		.syntax unified
 1111              		.thumb
 1112              		.thumb_func
 1114              	USBH_LL_SubmitURB:
 1115              	.LVL109:
 1116              	.LFB150:
 409:USB_HOST/Target/usbh_conf.c ****   HAL_StatusTypeDef hal_status = HAL_OK;
 1117              		.loc 1 409 1 is_stmt 1 view -0
 1118              		.cfi_startproc
 1119              		@ args = 16, pretend = 0, frame = 0
 1120              		@ frame_needed = 0, uses_anonymous_args = 0
 409:USB_HOST/Target/usbh_conf.c ****   HAL_StatusTypeDef hal_status = HAL_OK;
 1121              		.loc 1 409 1 is_stmt 0 view .LVU264
 1122 0000 10B5     		push	{r4, lr}
 1123              	.LCFI24:
 1124              		.cfi_def_cfa_offset 8
ARM GAS  C:\Users\Acer\AppData\Local\Temp\cceG2TTP.s 			page 32


 1125              		.cfi_offset 4, -8
 1126              		.cfi_offset 14, -4
 1127 0002 84B0     		sub	sp, sp, #16
 1128              	.LCFI25:
 1129              		.cfi_def_cfa_offset 24
 410:USB_HOST/Target/usbh_conf.c ****   USBH_StatusTypeDef usb_status = USBH_OK;
 1130              		.loc 1 410 3 is_stmt 1 view .LVU265
 1131              	.LVL110:
 411:USB_HOST/Target/usbh_conf.c **** 
 1132              		.loc 1 411 3 view .LVU266
 413:USB_HOST/Target/usbh_conf.c ****                                         ep_type, token, pbuff, length,
 1133              		.loc 1 413 3 view .LVU267
 413:USB_HOST/Target/usbh_conf.c ****                                         ep_type, token, pbuff, length,
 1134              		.loc 1 413 46 is_stmt 0 view .LVU268
 1135 0004 D0F8D003 		ldr	r0, [r0, #976]
 1136              	.LVL111:
 413:USB_HOST/Target/usbh_conf.c ****                                         ep_type, token, pbuff, length,
 1137              		.loc 1 413 16 view .LVU269
 1138 0008 9DF82440 		ldrb	r4, [sp, #36]	@ zero_extendqisi2
 1139 000c 0394     		str	r4, [sp, #12]
 1140 000e BDF82040 		ldrh	r4, [sp, #32]
 1141 0012 0294     		str	r4, [sp, #8]
 1142 0014 079C     		ldr	r4, [sp, #28]
 1143 0016 0194     		str	r4, [sp, #4]
 1144 0018 9DF81840 		ldrb	r4, [sp, #24]	@ zero_extendqisi2
 1145 001c 0094     		str	r4, [sp]
 1146 001e FFF7FEFF 		bl	HAL_HCD_HC_SubmitRequest
 1147              	.LVL112:
 416:USB_HOST/Target/usbh_conf.c **** 
 1148              		.loc 1 416 3 is_stmt 1 view .LVU270
 416:USB_HOST/Target/usbh_conf.c **** 
 1149              		.loc 1 416 17 is_stmt 0 view .LVU271
 1150 0022 FFF7FEFF 		bl	USBH_Get_USB_Status
 1151              	.LVL113:
 418:USB_HOST/Target/usbh_conf.c **** }
 1152              		.loc 1 418 3 is_stmt 1 view .LVU272
 419:USB_HOST/Target/usbh_conf.c **** 
 1153              		.loc 1 419 1 is_stmt 0 view .LVU273
 1154 0026 04B0     		add	sp, sp, #16
 1155              	.LCFI26:
 1156              		.cfi_def_cfa_offset 8
 1157              		@ sp needed
 1158 0028 10BD     		pop	{r4, pc}
 419:USB_HOST/Target/usbh_conf.c **** 
 1159              		.loc 1 419 1 view .LVU274
 1160              		.cfi_endproc
 1161              	.LFE150:
 1163              		.global	hhcd_USB_OTG_FS
 1164              		.section	.bss.hhcd_USB_OTG_FS,"aw",%nobits
 1165              		.align	2
 1166              		.set	.LANCHOR0,. + 0
 1169              	hhcd_USB_OTG_FS:
 1170 0000 00000000 		.space	772
 1170      00000000 
 1170      00000000 
 1170      00000000 
 1170      00000000 
ARM GAS  C:\Users\Acer\AppData\Local\Temp\cceG2TTP.s 			page 33


 1171              		.text
 1172              	.Letext0:
 1173              		.file 2 "c:\\embeded program\\gcc-arm-none-eabi-10.3-2021.10\\arm-none-eabi\\include\\machine\\_de
 1174              		.file 3 "c:\\embeded program\\gcc-arm-none-eabi-10.3-2021.10\\arm-none-eabi\\include\\sys\\_stdint
 1175              		.file 4 "Drivers/CMSIS/Device/ST/STM32F4xx/Include/stm32f407xx.h"
 1176              		.file 5 "Drivers/CMSIS/Device/ST/STM32F4xx/Include/stm32f4xx.h"
 1177              		.file 6 "Drivers/STM32F4xx_HAL_Driver/Inc/stm32f4xx_hal_def.h"
 1178              		.file 7 "Drivers/STM32F4xx_HAL_Driver/Inc/stm32f4xx_hal_gpio.h"
 1179              		.file 8 "Drivers/STM32F4xx_HAL_Driver/Inc/stm32f4xx_ll_usb.h"
 1180              		.file 9 "Drivers/STM32F4xx_HAL_Driver/Inc/stm32f4xx_hal_hcd.h"
 1181              		.file 10 "Middlewares/ST/STM32_USB_Host_Library/Core/Inc/usbh_def.h"
 1182              		.file 11 "Drivers/STM32F4xx_HAL_Driver/Inc/stm32f4xx_hal.h"
 1183              		.file 12 "USB_HOST/Target/usbh_platform.h"
 1184              		.file 13 "Middlewares/ST/STM32_USB_Host_Library/Core/Inc/usbh_core.h"
 1185              		.file 14 "Drivers/STM32F4xx_HAL_Driver/Inc/stm32f4xx_hal_cortex.h"
ARM GAS  C:\Users\Acer\AppData\Local\Temp\cceG2TTP.s 			page 34


DEFINED SYMBOLS
                            *ABS*:00000000 usbh_conf.c
C:\Users\Acer\AppData\Local\Temp\cceG2TTP.s:20     .text.HAL_HCD_MspInit:00000000 $t
C:\Users\Acer\AppData\Local\Temp\cceG2TTP.s:26     .text.HAL_HCD_MspInit:00000000 HAL_HCD_MspInit
C:\Users\Acer\AppData\Local\Temp\cceG2TTP.s:164    .text.HAL_HCD_MspInit:0000008c $d
C:\Users\Acer\AppData\Local\Temp\cceG2TTP.s:170    .text.HAL_HCD_MspDeInit:00000000 $t
C:\Users\Acer\AppData\Local\Temp\cceG2TTP.s:176    .text.HAL_HCD_MspDeInit:00000000 HAL_HCD_MspDeInit
C:\Users\Acer\AppData\Local\Temp\cceG2TTP.s:222    .text.HAL_HCD_MspDeInit:00000028 $d
C:\Users\Acer\AppData\Local\Temp\cceG2TTP.s:228    .text.HAL_HCD_SOF_Callback:00000000 $t
C:\Users\Acer\AppData\Local\Temp\cceG2TTP.s:234    .text.HAL_HCD_SOF_Callback:00000000 HAL_HCD_SOF_Callback
C:\Users\Acer\AppData\Local\Temp\cceG2TTP.s:259    .text.HAL_HCD_Connect_Callback:00000000 $t
C:\Users\Acer\AppData\Local\Temp\cceG2TTP.s:265    .text.HAL_HCD_Connect_Callback:00000000 HAL_HCD_Connect_Callback
C:\Users\Acer\AppData\Local\Temp\cceG2TTP.s:290    .text.HAL_HCD_Disconnect_Callback:00000000 $t
C:\Users\Acer\AppData\Local\Temp\cceG2TTP.s:296    .text.HAL_HCD_Disconnect_Callback:00000000 HAL_HCD_Disconnect_Callback
C:\Users\Acer\AppData\Local\Temp\cceG2TTP.s:321    .text.HAL_HCD_HC_NotifyURBChange_Callback:00000000 $t
C:\Users\Acer\AppData\Local\Temp\cceG2TTP.s:327    .text.HAL_HCD_HC_NotifyURBChange_Callback:00000000 HAL_HCD_HC_NotifyURBChange_Callback
C:\Users\Acer\AppData\Local\Temp\cceG2TTP.s:341    .text.HAL_HCD_PortEnabled_Callback:00000000 $t
C:\Users\Acer\AppData\Local\Temp\cceG2TTP.s:347    .text.HAL_HCD_PortEnabled_Callback:00000000 HAL_HCD_PortEnabled_Callback
C:\Users\Acer\AppData\Local\Temp\cceG2TTP.s:372    .text.HAL_HCD_PortDisabled_Callback:00000000 $t
C:\Users\Acer\AppData\Local\Temp\cceG2TTP.s:378    .text.HAL_HCD_PortDisabled_Callback:00000000 HAL_HCD_PortDisabled_Callback
C:\Users\Acer\AppData\Local\Temp\cceG2TTP.s:403    .text.USBH_LL_Init:00000000 $t
C:\Users\Acer\AppData\Local\Temp\cceG2TTP.s:409    .text.USBH_LL_Init:00000000 USBH_LL_Init
C:\Users\Acer\AppData\Local\Temp\cceG2TTP.s:497    .text.USBH_LL_Init:00000050 $d
C:\Users\Acer\AppData\Local\Temp\cceG2TTP.s:502    .text.USBH_LL_GetSpeed:00000000 $t
C:\Users\Acer\AppData\Local\Temp\cceG2TTP.s:508    .text.USBH_LL_GetSpeed:00000000 USBH_LL_GetSpeed
C:\Users\Acer\AppData\Local\Temp\cceG2TTP.s:556    .text.USBH_LL_GetLastXferSize:00000000 $t
C:\Users\Acer\AppData\Local\Temp\cceG2TTP.s:562    .text.USBH_LL_GetLastXferSize:00000000 USBH_LL_GetLastXferSize
C:\Users\Acer\AppData\Local\Temp\cceG2TTP.s:588    .text.USBH_LL_GetURBState:00000000 $t
C:\Users\Acer\AppData\Local\Temp\cceG2TTP.s:594    .text.USBH_LL_GetURBState:00000000 USBH_LL_GetURBState
C:\Users\Acer\AppData\Local\Temp\cceG2TTP.s:620    .text.USBH_LL_DriverVBUS:00000000 $t
C:\Users\Acer\AppData\Local\Temp\cceG2TTP.s:626    .text.USBH_LL_DriverVBUS:00000000 USBH_LL_DriverVBUS
C:\Users\Acer\AppData\Local\Temp\cceG2TTP.s:669    .text.USBH_LL_SetToggle:00000000 $t
C:\Users\Acer\AppData\Local\Temp\cceG2TTP.s:675    .text.USBH_LL_SetToggle:00000000 USBH_LL_SetToggle
C:\Users\Acer\AppData\Local\Temp\cceG2TTP.s:726    .text.USBH_LL_GetToggle:00000000 $t
C:\Users\Acer\AppData\Local\Temp\cceG2TTP.s:732    .text.USBH_LL_GetToggle:00000000 USBH_LL_GetToggle
C:\Users\Acer\AppData\Local\Temp\cceG2TTP.s:780    .text.USBH_Delay:00000000 $t
C:\Users\Acer\AppData\Local\Temp\cceG2TTP.s:786    .text.USBH_Delay:00000000 USBH_Delay
C:\Users\Acer\AppData\Local\Temp\cceG2TTP.s:808    .text.USBH_Get_USB_Status:00000000 $t
C:\Users\Acer\AppData\Local\Temp\cceG2TTP.s:814    .text.USBH_Get_USB_Status:00000000 USBH_Get_USB_Status
C:\Users\Acer\AppData\Local\Temp\cceG2TTP.s:828    .text.USBH_Get_USB_Status:00000008 $d
C:\Users\Acer\AppData\Local\Temp\cceG2TTP.s:854    .text.USBH_LL_DeInit:00000000 $t
C:\Users\Acer\AppData\Local\Temp\cceG2TTP.s:860    .text.USBH_LL_DeInit:00000000 USBH_LL_DeInit
C:\Users\Acer\AppData\Local\Temp\cceG2TTP.s:894    .text.USBH_LL_Start:00000000 $t
C:\Users\Acer\AppData\Local\Temp\cceG2TTP.s:900    .text.USBH_LL_Start:00000000 USBH_LL_Start
C:\Users\Acer\AppData\Local\Temp\cceG2TTP.s:934    .text.USBH_LL_Stop:00000000 $t
C:\Users\Acer\AppData\Local\Temp\cceG2TTP.s:940    .text.USBH_LL_Stop:00000000 USBH_LL_Stop
C:\Users\Acer\AppData\Local\Temp\cceG2TTP.s:974    .text.USBH_LL_ResetPort:00000000 $t
C:\Users\Acer\AppData\Local\Temp\cceG2TTP.s:980    .text.USBH_LL_ResetPort:00000000 USBH_LL_ResetPort
C:\Users\Acer\AppData\Local\Temp\cceG2TTP.s:1014   .text.USBH_LL_OpenPipe:00000000 $t
C:\Users\Acer\AppData\Local\Temp\cceG2TTP.s:1020   .text.USBH_LL_OpenPipe:00000000 USBH_LL_OpenPipe
C:\Users\Acer\AppData\Local\Temp\cceG2TTP.s:1068   .text.USBH_LL_ClosePipe:00000000 $t
C:\Users\Acer\AppData\Local\Temp\cceG2TTP.s:1074   .text.USBH_LL_ClosePipe:00000000 USBH_LL_ClosePipe
C:\Users\Acer\AppData\Local\Temp\cceG2TTP.s:1108   .text.USBH_LL_SubmitURB:00000000 $t
C:\Users\Acer\AppData\Local\Temp\cceG2TTP.s:1114   .text.USBH_LL_SubmitURB:00000000 USBH_LL_SubmitURB
C:\Users\Acer\AppData\Local\Temp\cceG2TTP.s:1169   .bss.hhcd_USB_OTG_FS:00000000 hhcd_USB_OTG_FS
C:\Users\Acer\AppData\Local\Temp\cceG2TTP.s:1165   .bss.hhcd_USB_OTG_FS:00000000 $d
C:\Users\Acer\AppData\Local\Temp\cceG2TTP.s:831    .text.USBH_Get_USB_Status:0000000b $d
ARM GAS  C:\Users\Acer\AppData\Local\Temp\cceG2TTP.s 			page 35


C:\Users\Acer\AppData\Local\Temp\cceG2TTP.s:831    .text.USBH_Get_USB_Status:0000000c $t

UNDEFINED SYMBOLS
HAL_GPIO_Init
HAL_NVIC_SetPriority
HAL_NVIC_EnableIRQ
HAL_GPIO_DeInit
HAL_NVIC_DisableIRQ
USBH_LL_IncTimer
USBH_LL_Connect
USBH_LL_Disconnect
USBH_LL_PortEnabled
USBH_LL_PortDisabled
HAL_HCD_Init
HAL_HCD_GetCurrentFrame
USBH_LL_SetTimer
Error_Handler
HAL_HCD_GetCurrentSpeed
HAL_HCD_HC_GetXferCount
HAL_HCD_HC_GetURBState
HAL_Delay
MX_DriverVbusFS
HAL_HCD_DeInit
HAL_HCD_Start
HAL_HCD_Stop
HAL_HCD_ResetPort
HAL_HCD_HC_Init
HAL_HCD_HC_Halt
HAL_HCD_HC_SubmitRequest
